<?xml version='1.0' encoding='UTF-8'?>
<testsuite hostname="LAPTOP-T67LQVS8" name="adpro.ExercisesSpec" tests="41" errors="0" failures="11" skipped="0" time="0.554" timestamp="2021-09-20T14:18:53">
          <properties>
[...]
</properties>
          <testcase classname="adpro.ExercisesSpec" name="Exercise 11 (traverse) some simple scenarios" time="0.056">
                      
                    </testcase><testcase classname="adpro.ExercisesSpec" name="Exercise 11 (traverse) traversal of bottom gives bottom" time="0.128">
                      
                    </testcase><testcase classname="adpro.ExercisesSpec" name="Exercise 11 (traverse) empty traversal cannot fail" time="0.016">
                      
                    </testcase><testcase classname="adpro.ExercisesSpec" name="Exercise 10 (sequence) some simple scenarios" time="0.008">
                      <failure message="an implementation is missing" type="scala.NotImplementedError">scala.NotImplementedError: an implementation is missing
	at scala.Predef$.$qmark$qmark$qmark(Predef.scala:345)
	at adpro.ExercisesOption$.sequence(Exercises.scala:141)
	at adpro.ExercisesSpec.$anonfun$new$11(ExercisesSpec.scala:74)
	at org.scalatest.OutcomeOf.outcomeOf(OutcomeOf.scala:85)
	at org.scalatest.OutcomeOf.outcomeOf$(OutcomeOf.scala:83)
	at org.scalatest.OutcomeOf$.outcomeOf(OutcomeOf.scala:104)
	at org.scalatest.Transformer.apply(Transformer.scala:22)
	at org.scalatest.Transformer.apply(Transformer.scala:20)
	at org.scalatest.freespec.AnyFreeSpecLike$$anon$1.apply(AnyFreeSpecLike.scala:406)
	at org.scalatest.TestSuite.withFixture(TestSuite.scala:196)
	at org.scalatest.TestSuite.withFixture$(TestSuite.scala:195)
	at org.scalatest.freespec.AnyFreeSpec.withFixture(AnyFreeSpec.scala:1739)
	at org.scalatest.freespec.AnyFreeSpecLike.invokeWithFixture$1(AnyFreeSpecLike.scala:404)
	at org.scalatest.freespec.AnyFreeSpecLike.$anonfun$runTest$1(AnyFreeSpecLike.scala:416)
	at org.scalatest.SuperEngine.runTestImpl(Engine.scala:306)
	at org.scalatest.freespec.AnyFreeSpecLike.runTest(AnyFreeSpecLike.scala:416)
	at org.scalatest.freespec.AnyFreeSpecLike.runTest$(AnyFreeSpecLike.scala:398)
	at org.scalatest.freespec.AnyFreeSpec.runTest(AnyFreeSpec.scala:1739)
	at org.scalatest.freespec.AnyFreeSpecLike.$anonfun$runTests$1(AnyFreeSpecLike.scala:475)
	at org.scalatest.SuperEngine.$anonfun$runTestsInBranch$1(Engine.scala:413)
	at scala.collection.immutable.List.foreach(List.scala:333)
	at org.scalatest.SuperEngine.traverseSubNodes$1(Engine.scala:401)
	at org.scalatest.SuperEngine.runTestsInBranch(Engine.scala:390)
	at org.scalatest.SuperEngine.$anonfun$runTestsInBranch$1(Engine.scala:427)
	at scala.collection.immutable.List.foreach(List.scala:333)
	at org.scalatest.SuperEngine.traverseSubNodes$1(Engine.scala:401)
	at org.scalatest.SuperEngine.runTestsInBranch(Engine.scala:396)
	at org.scalatest.SuperEngine.runTestsImpl(Engine.scala:475)
	at org.scalatest.freespec.AnyFreeSpecLike.runTests(AnyFreeSpecLike.scala:475)
	at org.scalatest.freespec.AnyFreeSpecLike.runTests$(AnyFreeSpecLike.scala:474)
	at org.scalatest.freespec.AnyFreeSpec.runTests(AnyFreeSpec.scala:1739)
	at org.scalatest.Suite.run(Suite.scala:1112)
	at org.scalatest.Suite.run$(Suite.scala:1094)
	at org.scalatest.freespec.AnyFreeSpec.org$scalatest$freespec$AnyFreeSpecLike$$super$run(AnyFreeSpec.scala:1739)
	at org.scalatest.freespec.AnyFreeSpecLike.$anonfun$run$1(AnyFreeSpecLike.scala:519)
	at org.scalatest.SuperEngine.runImpl(Engine.scala:535)
	at org.scalatest.freespec.AnyFreeSpecLike.run(AnyFreeSpecLike.scala:519)
	at org.scalatest.freespec.AnyFreeSpecLike.run$(AnyFreeSpecLike.scala:518)
	at org.scalatest.freespec.AnyFreeSpec.run(AnyFreeSpec.scala:1739)
	at org.scalatest.tools.Framework.org$scalatest$tools$Framework$$runSuite(Framework.scala:318)
	at org.scalatest.tools.Framework$ScalaTestTask.execute(Framework.scala:513)
	at sbt.TestRunner.runTest$1(TestFramework.scala:140)
	at sbt.TestRunner.run(TestFramework.scala:155)
	at sbt.TestFramework$$anon$3$$anonfun$$lessinit$greater$1.$anonfun$apply$1(TestFramework.scala:318)
	at sbt.TestFramework$.sbt$TestFramework$$withContextLoader(TestFramework.scala:278)
	at sbt.TestFramework$$anon$3$$anonfun$$lessinit$greater$1.apply(TestFramework.scala:318)
	at sbt.TestFramework$$anon$3$$anonfun$$lessinit$greater$1.apply(TestFramework.scala:318)
	at sbt.TestFunction.apply(TestFramework.scala:330)
	at sbt.Tests$.$anonfun$toTask$1(Tests.scala:435)
	at sbt.std.Transform$$anon$3.$anonfun$apply$2(Transform.scala:46)
	at sbt.std.Transform$$anon$4.work(Transform.scala:68)
	at sbt.Execute.$anonfun$submit$2(Execute.scala:282)
	at sbt.internal.util.ErrorHandling$.wideConvert(ErrorHandling.scala:23)
	at sbt.Execute.work(Execute.scala:291)
	at sbt.Execute.$anonfun$submit$1(Execute.scala:282)
	at sbt.ConcurrentRestrictions$$anon$4.$anonfun$submitValid$1(ConcurrentRestrictions.scala:265)
	at sbt.CompletionService$$anon$2.call(CompletionService.scala:64)
	at java.util.concurrent.FutureTask.run(FutureTask.java:266)
	at java.util.concurrent.Executors$RunnableAdapter.call(Executors.java:511)
	at java.util.concurrent.FutureTask.run(FutureTask.java:266)
	at java.util.concurrent.ThreadPoolExecutor.runWorker(ThreadPoolExecutor.java:1149)
	at java.util.concurrent.ThreadPoolExecutor$Worker.run(ThreadPoolExecutor.java:624)
	at java.lang.Thread.run(Thread.java:748)
</failure>
                    </testcase><testcase classname="adpro.ExercisesSpec" name="Exercise 10 (sequence) A list without Nones sequences as if this was a list without options" time="0.016">
                      <failure message="NotImplementedError was thrown during property evaluation.
  Message: an implementation is missing
  Occurred when passed generated values (
    l = List()
  )" type="org.scalatest.exceptions.GeneratorDrivenPropertyCheckFailedException">org.scalatest.exceptions.GeneratorDrivenPropertyCheckFailedException: NotImplementedError was thrown during property evaluation.
  Message: an implementation is missing
  Occurred when passed generated values (
    l = List()
  )
	at org.scalatestplus.scalacheck.CheckerAsserting$$anon$2.indicateFailure(CheckerAsserting.scala:251)
	at org.scalatestplus.scalacheck.CheckerAsserting$$anon$2.indicateFailure(CheckerAsserting.scala:238)
	at org.scalatestplus.scalacheck.UnitCheckerAsserting$CheckerAssertingImpl.check(CheckerAsserting.scala:160)
	at org.scalatestplus.scalacheck.ScalaCheckDrivenPropertyChecks.forAll(ScalaCheckDrivenPropertyChecks.scala:950)
	at org.scalatestplus.scalacheck.ScalaCheckDrivenPropertyChecks.forAll$(ScalaCheckDrivenPropertyChecks.scala:919)
	at adpro.ExercisesSpec.forAll(ExercisesSpec.scala:9)
	at adpro.ExercisesSpec.$anonfun$new$12(ExercisesSpec.scala:92)
	at org.scalatest.OutcomeOf.outcomeOf(OutcomeOf.scala:85)
	at org.scalatest.OutcomeOf.outcomeOf$(OutcomeOf.scala:83)
	at org.scalatest.OutcomeOf$.outcomeOf(OutcomeOf.scala:104)
	at org.scalatest.Transformer.apply(Transformer.scala:22)
	at org.scalatest.Transformer.apply(Transformer.scala:20)
	at org.scalatest.freespec.AnyFreeSpecLike$$anon$1.apply(AnyFreeSpecLike.scala:406)
	at org.scalatest.TestSuite.withFixture(TestSuite.scala:196)
	at org.scalatest.TestSuite.withFixture$(TestSuite.scala:195)
	at org.scalatest.freespec.AnyFreeSpec.withFixture(AnyFreeSpec.scala:1739)
	at org.scalatest.freespec.AnyFreeSpecLike.invokeWithFixture$1(AnyFreeSpecLike.scala:404)
	at org.scalatest.freespec.AnyFreeSpecLike.$anonfun$runTest$1(AnyFreeSpecLike.scala:416)
	at org.scalatest.SuperEngine.runTestImpl(Engine.scala:306)
	at org.scalatest.freespec.AnyFreeSpecLike.runTest(AnyFreeSpecLike.scala:416)
	at org.scalatest.freespec.AnyFreeSpecLike.runTest$(AnyFreeSpecLike.scala:398)
	at org.scalatest.freespec.AnyFreeSpec.runTest(AnyFreeSpec.scala:1739)
	at org.scalatest.freespec.AnyFreeSpecLike.$anonfun$runTests$1(AnyFreeSpecLike.scala:475)
	at org.scalatest.SuperEngine.$anonfun$runTestsInBranch$1(Engine.scala:413)
	at scala.collection.immutable.List.foreach(List.scala:333)
	at org.scalatest.SuperEngine.traverseSubNodes$1(Engine.scala:401)
	at org.scalatest.SuperEngine.runTestsInBranch(Engine.scala:390)
	at org.scalatest.SuperEngine.$anonfun$runTestsInBranch$1(Engine.scala:427)
	at scala.collection.immutable.List.foreach(List.scala:333)
	at org.scalatest.SuperEngine.traverseSubNodes$1(Engine.scala:401)
	at org.scalatest.SuperEngine.runTestsInBranch(Engine.scala:396)
	at org.scalatest.SuperEngine.runTestsImpl(Engine.scala:475)
	at org.scalatest.freespec.AnyFreeSpecLike.runTests(AnyFreeSpecLike.scala:475)
	at org.scalatest.freespec.AnyFreeSpecLike.runTests$(AnyFreeSpecLike.scala:474)
	at org.scalatest.freespec.AnyFreeSpec.runTests(AnyFreeSpec.scala:1739)
	at org.scalatest.Suite.run(Suite.scala:1112)
	at org.scalatest.Suite.run$(Suite.scala:1094)
	at org.scalatest.freespec.AnyFreeSpec.org$scalatest$freespec$AnyFreeSpecLike$$super$run(AnyFreeSpec.scala:1739)
	at org.scalatest.freespec.AnyFreeSpecLike.$anonfun$run$1(AnyFreeSpecLike.scala:519)
	at org.scalatest.SuperEngine.runImpl(Engine.scala:535)
	at org.scalatest.freespec.AnyFreeSpecLike.run(AnyFreeSpecLike.scala:519)
	at org.scalatest.freespec.AnyFreeSpecLike.run$(AnyFreeSpecLike.scala:518)
	at org.scalatest.freespec.AnyFreeSpec.run(AnyFreeSpec.scala:1739)
	at org.scalatest.tools.Framework.org$scalatest$tools$Framework$$runSuite(Framework.scala:318)
	at org.scalatest.tools.Framework$ScalaTestTask.execute(Framework.scala:513)
	at sbt.TestRunner.runTest$1(TestFramework.scala:140)
	at sbt.TestRunner.run(TestFramework.scala:155)
	at sbt.TestFramework$$anon$3$$anonfun$$lessinit$greater$1.$anonfun$apply$1(TestFramework.scala:318)
	at sbt.TestFramework$.sbt$TestFramework$$withContextLoader(TestFramework.scala:278)
	at sbt.TestFramework$$anon$3$$anonfun$$lessinit$greater$1.apply(TestFramework.scala:318)
	at sbt.TestFramework$$anon$3$$anonfun$$lessinit$greater$1.apply(TestFramework.scala:318)
	at sbt.TestFunction.apply(TestFramework.scala:330)
	at sbt.Tests$.$anonfun$toTask$1(Tests.scala:435)
	at sbt.std.Transform$$anon$3.$anonfun$apply$2(Transform.scala:46)
	at sbt.std.Transform$$anon$4.work(Transform.scala:68)
	at sbt.Execute.$anonfun$submit$2(Execute.scala:282)
	at sbt.internal.util.ErrorHandling$.wideConvert(ErrorHandling.scala:23)
	at sbt.Execute.work(Execute.scala:291)
	at sbt.Execute.$anonfun$submit$1(Execute.scala:282)
	at sbt.ConcurrentRestrictions$$anon$4.$anonfun$submitValid$1(ConcurrentRestrictions.scala:265)
	at sbt.CompletionService$$anon$2.call(CompletionService.scala:64)
	at java.util.concurrent.FutureTask.run(FutureTask.java:266)
	at java.util.concurrent.Executors$RunnableAdapter.call(Executors.java:511)
	at java.util.concurrent.FutureTask.run(FutureTask.java:266)
	at java.util.concurrent.ThreadPoolExecutor.runWorker(ThreadPoolExecutor.java:1149)
	at java.util.concurrent.ThreadPoolExecutor$Worker.run(ThreadPoolExecutor.java:624)
	at java.lang.Thread.run(Thread.java:748)
Caused by: scala.NotImplementedError: an implementation is missing
	at scala.Predef$.$qmark$qmark$qmark(Predef.scala:345)
	at adpro.ExercisesOption$.sequence(Exercises.scala:141)
	at adpro.ExercisesSpec.$anonfun$new$13(ExercisesSpec.scala:94)
	at org.scalatestplus.scalacheck.ScalaCheckDrivenPropertyChecks.liftedTree8$1(ScalaCheckDrivenPropertyChecks.scala:930)
	at org.scalatestplus.scalacheck.ScalaCheckDrivenPropertyChecks.$anonfun$forAll$4(ScalaCheckDrivenPropertyChecks.scala:929)
	at scala.Function1.$anonfun$andThen$1(Function1.scala:85)
	at org.scalacheck.Prop$.$anonfun$forAllShrink$2(Prop.scala:765)
	at org.scalacheck.Prop$.secure(Prop.scala:475)
	at org.scalacheck.Prop$.result$1(Prop.scala:765)
	at org.scalacheck.Prop$.$anonfun$forAllShrink$1(Prop.scala:804)
	at org.scalacheck.Prop$.$anonfun$apply$1(Prop.scala:308)
	at org.scalacheck.PropFromFun.apply(Prop.scala:21)
	at org.scalacheck.Test$.workerFun$1(Test.scala:424)
	at org.scalacheck.Test$.$anonfun$check$1(Test.scala:453)
	at org.scalacheck.Test$.$anonfun$check$1$adapted(Test.scala:453)
	at org.scalacheck.Platform$.runWorkers(Platform.scala:40)
	at org.scalacheck.Test$.check(Test.scala:453)
	at org.scalatestplus.scalacheck.UnitCheckerAsserting$CheckerAssertingImpl.check(CheckerAsserting.scala:90)
	... 64 more
</failure>
                    </testcase><testcase classname="adpro.ExercisesSpec" name="Exercise 10 (sequence) A list with None sequences to None" time="0.0">
                      <failure message="NotImplementedError was thrown during property evaluation.
  Message: an implementation is missing
  Occurred when passed generated values (
    l = List()
  )" type="org.scalatest.exceptions.GeneratorDrivenPropertyCheckFailedException">org.scalatest.exceptions.GeneratorDrivenPropertyCheckFailedException: NotImplementedError was thrown during property evaluation.
  Message: an implementation is missing
  Occurred when passed generated values (
    l = List()
  )
	at org.scalatestplus.scalacheck.CheckerAsserting$$anon$2.indicateFailure(CheckerAsserting.scala:251)
	at org.scalatestplus.scalacheck.CheckerAsserting$$anon$2.indicateFailure(CheckerAsserting.scala:238)
	at org.scalatestplus.scalacheck.UnitCheckerAsserting$CheckerAssertingImpl.check(CheckerAsserting.scala:160)
	at org.scalatestplus.scalacheck.ScalaCheckDrivenPropertyChecks.forAll(ScalaCheckDrivenPropertyChecks.scala:950)
	at org.scalatestplus.scalacheck.ScalaCheckDrivenPropertyChecks.forAll$(ScalaCheckDrivenPropertyChecks.scala:919)
	at adpro.ExercisesSpec.forAll(ExercisesSpec.scala:9)
	at adpro.ExercisesSpec.$anonfun$new$15(ExercisesSpec.scala:99)
	at org.scalatest.OutcomeOf.outcomeOf(OutcomeOf.scala:85)
	at org.scalatest.OutcomeOf.outcomeOf$(OutcomeOf.scala:83)
	at org.scalatest.OutcomeOf$.outcomeOf(OutcomeOf.scala:104)
	at org.scalatest.Transformer.apply(Transformer.scala:22)
	at org.scalatest.Transformer.apply(Transformer.scala:20)
	at org.scalatest.freespec.AnyFreeSpecLike$$anon$1.apply(AnyFreeSpecLike.scala:406)
	at org.scalatest.TestSuite.withFixture(TestSuite.scala:196)
	at org.scalatest.TestSuite.withFixture$(TestSuite.scala:195)
	at org.scalatest.freespec.AnyFreeSpec.withFixture(AnyFreeSpec.scala:1739)
	at org.scalatest.freespec.AnyFreeSpecLike.invokeWithFixture$1(AnyFreeSpecLike.scala:404)
	at org.scalatest.freespec.AnyFreeSpecLike.$anonfun$runTest$1(AnyFreeSpecLike.scala:416)
	at org.scalatest.SuperEngine.runTestImpl(Engine.scala:306)
	at org.scalatest.freespec.AnyFreeSpecLike.runTest(AnyFreeSpecLike.scala:416)
	at org.scalatest.freespec.AnyFreeSpecLike.runTest$(AnyFreeSpecLike.scala:398)
	at org.scalatest.freespec.AnyFreeSpec.runTest(AnyFreeSpec.scala:1739)
	at org.scalatest.freespec.AnyFreeSpecLike.$anonfun$runTests$1(AnyFreeSpecLike.scala:475)
	at org.scalatest.SuperEngine.$anonfun$runTestsInBranch$1(Engine.scala:413)
	at scala.collection.immutable.List.foreach(List.scala:333)
	at org.scalatest.SuperEngine.traverseSubNodes$1(Engine.scala:401)
	at org.scalatest.SuperEngine.runTestsInBranch(Engine.scala:390)
	at org.scalatest.SuperEngine.$anonfun$runTestsInBranch$1(Engine.scala:427)
	at scala.collection.immutable.List.foreach(List.scala:333)
	at org.scalatest.SuperEngine.traverseSubNodes$1(Engine.scala:401)
	at org.scalatest.SuperEngine.runTestsInBranch(Engine.scala:396)
	at org.scalatest.SuperEngine.runTestsImpl(Engine.scala:475)
	at org.scalatest.freespec.AnyFreeSpecLike.runTests(AnyFreeSpecLike.scala:475)
	at org.scalatest.freespec.AnyFreeSpecLike.runTests$(AnyFreeSpecLike.scala:474)
	at org.scalatest.freespec.AnyFreeSpec.runTests(AnyFreeSpec.scala:1739)
	at org.scalatest.Suite.run(Suite.scala:1112)
	at org.scalatest.Suite.run$(Suite.scala:1094)
	at org.scalatest.freespec.AnyFreeSpec.org$scalatest$freespec$AnyFreeSpecLike$$super$run(AnyFreeSpec.scala:1739)
	at org.scalatest.freespec.AnyFreeSpecLike.$anonfun$run$1(AnyFreeSpecLike.scala:519)
	at org.scalatest.SuperEngine.runImpl(Engine.scala:535)
	at org.scalatest.freespec.AnyFreeSpecLike.run(AnyFreeSpecLike.scala:519)
	at org.scalatest.freespec.AnyFreeSpecLike.run$(AnyFreeSpecLike.scala:518)
	at org.scalatest.freespec.AnyFreeSpec.run(AnyFreeSpec.scala:1739)
	at org.scalatest.tools.Framework.org$scalatest$tools$Framework$$runSuite(Framework.scala:318)
	at org.scalatest.tools.Framework$ScalaTestTask.execute(Framework.scala:513)
	at sbt.TestRunner.runTest$1(TestFramework.scala:140)
	at sbt.TestRunner.run(TestFramework.scala:155)
	at sbt.TestFramework$$anon$3$$anonfun$$lessinit$greater$1.$anonfun$apply$1(TestFramework.scala:318)
	at sbt.TestFramework$.sbt$TestFramework$$withContextLoader(TestFramework.scala:278)
	at sbt.TestFramework$$anon$3$$anonfun$$lessinit$greater$1.apply(TestFramework.scala:318)
	at sbt.TestFramework$$anon$3$$anonfun$$lessinit$greater$1.apply(TestFramework.scala:318)
	at sbt.TestFunction.apply(TestFramework.scala:330)
	at sbt.Tests$.$anonfun$toTask$1(Tests.scala:435)
	at sbt.std.Transform$$anon$3.$anonfun$apply$2(Transform.scala:46)
	at sbt.std.Transform$$anon$4.work(Transform.scala:68)
	at sbt.Execute.$anonfun$submit$2(Execute.scala:282)
	at sbt.internal.util.ErrorHandling$.wideConvert(ErrorHandling.scala:23)
	at sbt.Execute.work(Execute.scala:291)
	at sbt.Execute.$anonfun$submit$1(Execute.scala:282)
	at sbt.ConcurrentRestrictions$$anon$4.$anonfun$submitValid$1(ConcurrentRestrictions.scala:265)
	at sbt.CompletionService$$anon$2.call(CompletionService.scala:64)
	at java.util.concurrent.FutureTask.run(FutureTask.java:266)
	at java.util.concurrent.Executors$RunnableAdapter.call(Executors.java:511)
	at java.util.concurrent.FutureTask.run(FutureTask.java:266)
	at java.util.concurrent.ThreadPoolExecutor.runWorker(ThreadPoolExecutor.java:1149)
	at java.util.concurrent.ThreadPoolExecutor$Worker.run(ThreadPoolExecutor.java:624)
	at java.lang.Thread.run(Thread.java:748)
Caused by: scala.NotImplementedError: an implementation is missing
	at scala.Predef$.$qmark$qmark$qmark(Predef.scala:345)
	at adpro.ExercisesOption$.sequence(Exercises.scala:141)
	at adpro.ExercisesSpec.$anonfun$new$16(ExercisesSpec.scala:101)
	at org.scalatestplus.scalacheck.ScalaCheckDrivenPropertyChecks.liftedTree8$1(ScalaCheckDrivenPropertyChecks.scala:930)
	at org.scalatestplus.scalacheck.ScalaCheckDrivenPropertyChecks.$anonfun$forAll$4(ScalaCheckDrivenPropertyChecks.scala:929)
	at scala.Function1.$anonfun$andThen$1(Function1.scala:85)
	at org.scalacheck.Prop$.$anonfun$forAllShrink$2(Prop.scala:765)
	at org.scalacheck.Prop$.secure(Prop.scala:475)
	at org.scalacheck.Prop$.result$1(Prop.scala:765)
	at org.scalacheck.Prop$.$anonfun$forAllShrink$1(Prop.scala:804)
	at org.scalacheck.Prop$.$anonfun$apply$1(Prop.scala:308)
	at org.scalacheck.PropFromFun.apply(Prop.scala:21)
	at org.scalacheck.Test$.workerFun$1(Test.scala:424)
	at org.scalacheck.Test$.$anonfun$check$1(Test.scala:453)
	at org.scalacheck.Test$.$anonfun$check$1$adapted(Test.scala:453)
	at org.scalacheck.Platform$.runWorkers(Platform.scala:40)
	at org.scalacheck.Test$.check(Test.scala:453)
	at org.scalatestplus.scalacheck.UnitCheckerAsserting$CheckerAssertingImpl.check(CheckerAsserting.scala:90)
	... 64 more
</failure>
                    </testcase><testcase classname="adpro.ExercisesSpec" name="Exercise 9 (map2) any None gives None" time="0.008">
                      
                    </testcase><testcase classname="adpro.ExercisesSpec" name="Exercise 9 (map2) two Some elements are nicely merged by subtraction" time="0.0">
                      
                    </testcase><testcase classname="adpro.ExercisesSpec" name="Exercise 9 (map2) two Some elements are nicely merged by arbitrary f" time="0.0">
                      
                    </testcase><testcase classname="adpro.ExercisesSpec" name="Exercise 8 (variance) simple fixed scenarios" time="0.008">
                      
                    </testcase><testcase classname="adpro.ExercisesSpec" name="Exercise 8 (variance) Variance of a singleton is always zero" time="0.0">
                      
                    </testcase><testcase classname="adpro.ExercisesSpec" name="Exercise 8 (variance) A constant list x,x,x,x,... has variance zero" time="0.008">
                      
                    </testcase><testcase classname="adpro.ExercisesSpec" name="Exercise 8 (variance) -x, x, -x, x, ... has variance x*x" time="0.008">
                      
                    </testcase><testcase classname="adpro.ExercisesSpec" name="Exercise 7 (headGrade) headAge of empty list should be None" time="0.0">
                      <failure message="an implementation is missing" type="scala.NotImplementedError">scala.NotImplementedError: an implementation is missing
	at scala.Predef$.$qmark$qmark$qmark(Predef.scala:345)
	at adpro.ExercisesOption$.headGrade(Exercises.scala:124)
	at adpro.ExercisesSpec.$anonfun$new$37(ExercisesSpec.scala:200)
	at org.scalatest.OutcomeOf.outcomeOf(OutcomeOf.scala:85)
	at org.scalatest.OutcomeOf.outcomeOf$(OutcomeOf.scala:83)
	at org.scalatest.OutcomeOf$.outcomeOf(OutcomeOf.scala:104)
	at org.scalatest.Transformer.apply(Transformer.scala:22)
	at org.scalatest.Transformer.apply(Transformer.scala:20)
	at org.scalatest.freespec.AnyFreeSpecLike$$anon$1.apply(AnyFreeSpecLike.scala:406)
	at org.scalatest.TestSuite.withFixture(TestSuite.scala:196)
	at org.scalatest.TestSuite.withFixture$(TestSuite.scala:195)
	at org.scalatest.freespec.AnyFreeSpec.withFixture(AnyFreeSpec.scala:1739)
	at org.scalatest.freespec.AnyFreeSpecLike.invokeWithFixture$1(AnyFreeSpecLike.scala:404)
	at org.scalatest.freespec.AnyFreeSpecLike.$anonfun$runTest$1(AnyFreeSpecLike.scala:416)
	at org.scalatest.SuperEngine.runTestImpl(Engine.scala:306)
	at org.scalatest.freespec.AnyFreeSpecLike.runTest(AnyFreeSpecLike.scala:416)
	at org.scalatest.freespec.AnyFreeSpecLike.runTest$(AnyFreeSpecLike.scala:398)
	at org.scalatest.freespec.AnyFreeSpec.runTest(AnyFreeSpec.scala:1739)
	at org.scalatest.freespec.AnyFreeSpecLike.$anonfun$runTests$1(AnyFreeSpecLike.scala:475)
	at org.scalatest.SuperEngine.$anonfun$runTestsInBranch$1(Engine.scala:413)
	at scala.collection.immutable.List.foreach(List.scala:333)
	at org.scalatest.SuperEngine.traverseSubNodes$1(Engine.scala:401)
	at org.scalatest.SuperEngine.runTestsInBranch(Engine.scala:390)
	at org.scalatest.SuperEngine.$anonfun$runTestsInBranch$1(Engine.scala:427)
	at scala.collection.immutable.List.foreach(List.scala:333)
	at org.scalatest.SuperEngine.traverseSubNodes$1(Engine.scala:401)
	at org.scalatest.SuperEngine.runTestsInBranch(Engine.scala:396)
	at org.scalatest.SuperEngine.runTestsImpl(Engine.scala:475)
	at org.scalatest.freespec.AnyFreeSpecLike.runTests(AnyFreeSpecLike.scala:475)
	at org.scalatest.freespec.AnyFreeSpecLike.runTests$(AnyFreeSpecLike.scala:474)
	at org.scalatest.freespec.AnyFreeSpec.runTests(AnyFreeSpec.scala:1739)
	at org.scalatest.Suite.run(Suite.scala:1112)
	at org.scalatest.Suite.run$(Suite.scala:1094)
	at org.scalatest.freespec.AnyFreeSpec.org$scalatest$freespec$AnyFreeSpecLike$$super$run(AnyFreeSpec.scala:1739)
	at org.scalatest.freespec.AnyFreeSpecLike.$anonfun$run$1(AnyFreeSpecLike.scala:519)
	at org.scalatest.SuperEngine.runImpl(Engine.scala:535)
	at org.scalatest.freespec.AnyFreeSpecLike.run(AnyFreeSpecLike.scala:519)
	at org.scalatest.freespec.AnyFreeSpecLike.run$(AnyFreeSpecLike.scala:518)
	at org.scalatest.freespec.AnyFreeSpec.run(AnyFreeSpec.scala:1739)
	at org.scalatest.tools.Framework.org$scalatest$tools$Framework$$runSuite(Framework.scala:318)
	at org.scalatest.tools.Framework$ScalaTestTask.execute(Framework.scala:513)
	at sbt.TestRunner.runTest$1(TestFramework.scala:140)
	at sbt.TestRunner.run(TestFramework.scala:155)
	at sbt.TestFramework$$anon$3$$anonfun$$lessinit$greater$1.$anonfun$apply$1(TestFramework.scala:318)
	at sbt.TestFramework$.sbt$TestFramework$$withContextLoader(TestFramework.scala:278)
	at sbt.TestFramework$$anon$3$$anonfun$$lessinit$greater$1.apply(TestFramework.scala:318)
	at sbt.TestFramework$$anon$3$$anonfun$$lessinit$greater$1.apply(TestFramework.scala:318)
	at sbt.TestFunction.apply(TestFramework.scala:330)
	at sbt.Tests$.$anonfun$toTask$1(Tests.scala:435)
	at sbt.std.Transform$$anon$3.$anonfun$apply$2(Transform.scala:46)
	at sbt.std.Transform$$anon$4.work(Transform.scala:68)
	at sbt.Execute.$anonfun$submit$2(Execute.scala:282)
	at sbt.internal.util.ErrorHandling$.wideConvert(ErrorHandling.scala:23)
	at sbt.Execute.work(Execute.scala:291)
	at sbt.Execute.$anonfun$submit$1(Execute.scala:282)
	at sbt.ConcurrentRestrictions$$anon$4.$anonfun$submitValid$1(ConcurrentRestrictions.scala:265)
	at sbt.CompletionService$$anon$2.call(CompletionService.scala:64)
	at java.util.concurrent.FutureTask.run(FutureTask.java:266)
	at java.util.concurrent.Executors$RunnableAdapter.call(Executors.java:511)
	at java.util.concurrent.FutureTask.run(FutureTask.java:266)
	at java.util.concurrent.ThreadPoolExecutor.runWorker(ThreadPoolExecutor.java:1149)
	at java.util.concurrent.ThreadPoolExecutor$Worker.run(ThreadPoolExecutor.java:624)
	at java.lang.Thread.run(Thread.java:748)
</failure>
                    </testcase><testcase classname="adpro.ExercisesSpec" name="Exercise 7 (headGrade) the integer from the first pair must be correctly extracted and wrapped into Some" time="0.008">
                      <failure message="GeneratorDrivenPropertyCheckFailedException was thrown during property evaluation.
  Message: GeneratorDrivenPropertyCheckFailedException was thrown during property evaluation.
  Message: NotImplementedError was thrown during property evaluation.
  Message: an implementation is missing
  Occurred when passed generated values (
    grade = 0 // 31 shrinks
  )
  Location: (ExercisesSpec.scala:206)
  Occurred when passed generated values (
    name = &quot;&quot;
  )
  Location: (ExercisesSpec.scala:205)
  Occurred when passed generated values (
    tail = List()
  )" type="org.scalatest.exceptions.GeneratorDrivenPropertyCheckFailedException">org.scalatest.exceptions.GeneratorDrivenPropertyCheckFailedException: GeneratorDrivenPropertyCheckFailedException was thrown during property evaluation.
  Message: GeneratorDrivenPropertyCheckFailedException was thrown during property evaluation.
  Message: NotImplementedError was thrown during property evaluation.
  Message: an implementation is missing
  Occurred when passed generated values (
    grade = 0 // 31 shrinks
  )
  Location: (ExercisesSpec.scala:206)
  Occurred when passed generated values (
    name = &quot;&quot;
  )
  Location: (ExercisesSpec.scala:205)
  Occurred when passed generated values (
    tail = List()
  )
	at org.scalatestplus.scalacheck.CheckerAsserting$$anon$2.indicateFailure(CheckerAsserting.scala:251)
	at org.scalatestplus.scalacheck.CheckerAsserting$$anon$2.indicateFailure(CheckerAsserting.scala:238)
	at org.scalatestplus.scalacheck.UnitCheckerAsserting$CheckerAssertingImpl.check(CheckerAsserting.scala:160)
	at org.scalatestplus.scalacheck.ScalaCheckDrivenPropertyChecks.forAll(ScalaCheckDrivenPropertyChecks.scala:950)
	at org.scalatestplus.scalacheck.ScalaCheckDrivenPropertyChecks.forAll$(ScalaCheckDrivenPropertyChecks.scala:919)
	at adpro.ExercisesSpec.forAll(ExercisesSpec.scala:9)
	at adpro.ExercisesSpec.$anonfun$new$38(ExercisesSpec.scala:204)
	at org.scalatest.OutcomeOf.outcomeOf(OutcomeOf.scala:85)
	at org.scalatest.OutcomeOf.outcomeOf$(OutcomeOf.scala:83)
	at org.scalatest.OutcomeOf$.outcomeOf(OutcomeOf.scala:104)
	at org.scalatest.Transformer.apply(Transformer.scala:22)
	at org.scalatest.Transformer.apply(Transformer.scala:20)
	at org.scalatest.freespec.AnyFreeSpecLike$$anon$1.apply(AnyFreeSpecLike.scala:406)
	at org.scalatest.TestSuite.withFixture(TestSuite.scala:196)
	at org.scalatest.TestSuite.withFixture$(TestSuite.scala:195)
	at org.scalatest.freespec.AnyFreeSpec.withFixture(AnyFreeSpec.scala:1739)
	at org.scalatest.freespec.AnyFreeSpecLike.invokeWithFixture$1(AnyFreeSpecLike.scala:404)
	at org.scalatest.freespec.AnyFreeSpecLike.$anonfun$runTest$1(AnyFreeSpecLike.scala:416)
	at org.scalatest.SuperEngine.runTestImpl(Engine.scala:306)
	at org.scalatest.freespec.AnyFreeSpecLike.runTest(AnyFreeSpecLike.scala:416)
	at org.scalatest.freespec.AnyFreeSpecLike.runTest$(AnyFreeSpecLike.scala:398)
	at org.scalatest.freespec.AnyFreeSpec.runTest(AnyFreeSpec.scala:1739)
	at org.scalatest.freespec.AnyFreeSpecLike.$anonfun$runTests$1(AnyFreeSpecLike.scala:475)
	at org.scalatest.SuperEngine.$anonfun$runTestsInBranch$1(Engine.scala:413)
	at scala.collection.immutable.List.foreach(List.scala:333)
	at org.scalatest.SuperEngine.traverseSubNodes$1(Engine.scala:401)
	at org.scalatest.SuperEngine.runTestsInBranch(Engine.scala:390)
	at org.scalatest.SuperEngine.$anonfun$runTestsInBranch$1(Engine.scala:427)
	at scala.collection.immutable.List.foreach(List.scala:333)
	at org.scalatest.SuperEngine.traverseSubNodes$1(Engine.scala:401)
	at org.scalatest.SuperEngine.runTestsInBranch(Engine.scala:396)
	at org.scalatest.SuperEngine.runTestsImpl(Engine.scala:475)
	at org.scalatest.freespec.AnyFreeSpecLike.runTests(AnyFreeSpecLike.scala:475)
	at org.scalatest.freespec.AnyFreeSpecLike.runTests$(AnyFreeSpecLike.scala:474)
	at org.scalatest.freespec.AnyFreeSpec.runTests(AnyFreeSpec.scala:1739)
	at org.scalatest.Suite.run(Suite.scala:1112)
	at org.scalatest.Suite.run$(Suite.scala:1094)
	at org.scalatest.freespec.AnyFreeSpec.org$scalatest$freespec$AnyFreeSpecLike$$super$run(AnyFreeSpec.scala:1739)
	at org.scalatest.freespec.AnyFreeSpecLike.$anonfun$run$1(AnyFreeSpecLike.scala:519)
	at org.scalatest.SuperEngine.runImpl(Engine.scala:535)
	at org.scalatest.freespec.AnyFreeSpecLike.run(AnyFreeSpecLike.scala:519)
	at org.scalatest.freespec.AnyFreeSpecLike.run$(AnyFreeSpecLike.scala:518)
	at org.scalatest.freespec.AnyFreeSpec.run(AnyFreeSpec.scala:1739)
	at org.scalatest.tools.Framework.org$scalatest$tools$Framework$$runSuite(Framework.scala:318)
	at org.scalatest.tools.Framework$ScalaTestTask.execute(Framework.scala:513)
	at sbt.TestRunner.runTest$1(TestFramework.scala:140)
	at sbt.TestRunner.run(TestFramework.scala:155)
	at sbt.TestFramework$$anon$3$$anonfun$$lessinit$greater$1.$anonfun$apply$1(TestFramework.scala:318)
	at sbt.TestFramework$.sbt$TestFramework$$withContextLoader(TestFramework.scala:278)
	at sbt.TestFramework$$anon$3$$anonfun$$lessinit$greater$1.apply(TestFramework.scala:318)
	at sbt.TestFramework$$anon$3$$anonfun$$lessinit$greater$1.apply(TestFramework.scala:318)
	at sbt.TestFunction.apply(TestFramework.scala:330)
	at sbt.Tests$.$anonfun$toTask$1(Tests.scala:435)
	at sbt.std.Transform$$anon$3.$anonfun$apply$2(Transform.scala:46)
	at sbt.std.Transform$$anon$4.work(Transform.scala:68)
	at sbt.Execute.$anonfun$submit$2(Execute.scala:282)
	at sbt.internal.util.ErrorHandling$.wideConvert(ErrorHandling.scala:23)
	at sbt.Execute.work(Execute.scala:291)
	at sbt.Execute.$anonfun$submit$1(Execute.scala:282)
	at sbt.ConcurrentRestrictions$$anon$4.$anonfun$submitValid$1(ConcurrentRestrictions.scala:265)
	at sbt.CompletionService$$anon$2.call(CompletionService.scala:64)
	at java.util.concurrent.FutureTask.run(FutureTask.java:266)
	at java.util.concurrent.Executors$RunnableAdapter.call(Executors.java:511)
	at java.util.concurrent.FutureTask.run(FutureTask.java:266)
	at java.util.concurrent.ThreadPoolExecutor.runWorker(ThreadPoolExecutor.java:1149)
	at java.util.concurrent.ThreadPoolExecutor$Worker.run(ThreadPoolExecutor.java:624)
	at java.lang.Thread.run(Thread.java:748)
Caused by: org.scalatest.exceptions.GeneratorDrivenPropertyCheckFailedException: GeneratorDrivenPropertyCheckFailedException was thrown during property evaluation.
  Message: NotImplementedError was thrown during property evaluation.
  Message: an implementation is missing
  Occurred when passed generated values (
    grade = 0 // 31 shrinks
  )
  Location: (ExercisesSpec.scala:206)
  Occurred when passed generated values (
    name = &quot;&quot;
  )
	at org.scalatestplus.scalacheck.CheckerAsserting$$anon$2.indicateFailure(CheckerAsserting.scala:251)
	at org.scalatestplus.scalacheck.CheckerAsserting$$anon$2.indicateFailure(CheckerAsserting.scala:238)
	at org.scalatestplus.scalacheck.UnitCheckerAsserting$CheckerAssertingImpl.check(CheckerAsserting.scala:160)
	at org.scalatestplus.scalacheck.ScalaCheckDrivenPropertyChecks.forAll(ScalaCheckDrivenPropertyChecks.scala:950)
	at org.scalatestplus.scalacheck.ScalaCheckDrivenPropertyChecks.forAll$(ScalaCheckDrivenPropertyChecks.scala:919)
	at adpro.ExercisesSpec.forAll(ExercisesSpec.scala:9)
	at adpro.ExercisesSpec.$anonfun$new$39(ExercisesSpec.scala:205)
	at org.scalatestplus.scalacheck.ScalaCheckDrivenPropertyChecks.liftedTree8$1(ScalaCheckDrivenPropertyChecks.scala:930)
	at org.scalatestplus.scalacheck.ScalaCheckDrivenPropertyChecks.$anonfun$forAll$4(ScalaCheckDrivenPropertyChecks.scala:929)
	at scala.Function1.$anonfun$andThen$1(Function1.scala:85)
	at org.scalacheck.Prop$.$anonfun$forAllShrink$2(Prop.scala:765)
	at org.scalacheck.Prop$.secure(Prop.scala:475)
	at org.scalacheck.Prop$.result$1(Prop.scala:765)
	at org.scalacheck.Prop$.$anonfun$forAllShrink$1(Prop.scala:804)
	at org.scalacheck.Prop$.$anonfun$apply$1(Prop.scala:308)
	at org.scalacheck.PropFromFun.apply(Prop.scala:21)
	at org.scalacheck.Test$.workerFun$1(Test.scala:424)
	at org.scalacheck.Test$.$anonfun$check$1(Test.scala:453)
	at org.scalacheck.Test$.$anonfun$check$1$adapted(Test.scala:453)
	at org.scalacheck.Platform$.runWorkers(Platform.scala:40)
	at org.scalacheck.Test$.check(Test.scala:453)
	at org.scalatestplus.scalacheck.UnitCheckerAsserting$CheckerAssertingImpl.check(CheckerAsserting.scala:90)
	... 64 more
Caused by: org.scalatest.exceptions.GeneratorDrivenPropertyCheckFailedException: NotImplementedError was thrown during property evaluation.
  Message: an implementation is missing
  Occurred when passed generated values (
    grade = 0 // 31 shrinks
  )
	at org.scalatestplus.scalacheck.CheckerAsserting$$anon$2.indicateFailure(CheckerAsserting.scala:251)
	at org.scalatestplus.scalacheck.CheckerAsserting$$anon$2.indicateFailure(CheckerAsserting.scala:238)
	at org.scalatestplus.scalacheck.UnitCheckerAsserting$CheckerAssertingImpl.check(CheckerAsserting.scala:160)
	at org.scalatestplus.scalacheck.ScalaCheckDrivenPropertyChecks.forAll(ScalaCheckDrivenPropertyChecks.scala:950)
	at org.scalatestplus.scalacheck.ScalaCheckDrivenPropertyChecks.forAll$(ScalaCheckDrivenPropertyChecks.scala:919)
	at adpro.ExercisesSpec.forAll(ExercisesSpec.scala:9)
	at adpro.ExercisesSpec.$anonfun$new$40(ExercisesSpec.scala:206)
	at org.scalatestplus.scalacheck.ScalaCheckDrivenPropertyChecks.liftedTree8$1(ScalaCheckDrivenPropertyChecks.scala:930)
	at org.scalatestplus.scalacheck.ScalaCheckDrivenPropertyChecks.$anonfun$forAll$4(ScalaCheckDrivenPropertyChecks.scala:929)
	at scala.Function1.$anonfun$andThen$1(Function1.scala:85)
	at org.scalacheck.Prop$.$anonfun$forAllShrink$2(Prop.scala:765)
	at org.scalacheck.Prop$.secure(Prop.scala:475)
	at org.scalacheck.Prop$.result$1(Prop.scala:765)
	at org.scalacheck.Prop$.$anonfun$forAllShrink$1(Prop.scala:804)
	at org.scalacheck.Prop$.$anonfun$apply$1(Prop.scala:308)
	at org.scalacheck.PropFromFun.apply(Prop.scala:21)
	at org.scalacheck.Test$.workerFun$1(Test.scala:424)
	at org.scalacheck.Test$.$anonfun$check$1(Test.scala:453)
	at org.scalacheck.Test$.$anonfun$check$1$adapted(Test.scala:453)
	at org.scalacheck.Platform$.runWorkers(Platform.scala:40)
	at org.scalacheck.Test$.check(Test.scala:453)
	at org.scalatestplus.scalacheck.UnitCheckerAsserting$CheckerAssertingImpl.check(CheckerAsserting.scala:90)
	... 83 more
Caused by: scala.NotImplementedError: an implementation is missing
	at scala.Predef$.$qmark$qmark$qmark(Predef.scala:345)
	at adpro.ExercisesOption$.headGrade(Exercises.scala:124)
	at adpro.ExercisesSpec.$anonfun$new$41(ExercisesSpec.scala:207)
	at adpro.ExercisesSpec.$anonfun$new$41$adapted(ExercisesSpec.scala:206)
	at org.scalatestplus.scalacheck.ScalaCheckDrivenPropertyChecks.liftedTree8$1(ScalaCheckDrivenPropertyChecks.scala:930)
	at org.scalatestplus.scalacheck.ScalaCheckDrivenPropertyChecks.$anonfun$forAll$4(ScalaCheckDrivenPropertyChecks.scala:929)
	at scala.Function1.$anonfun$andThen$1(Function1.scala:85)
	at org.scalacheck.Prop$.$anonfun$forAllShrink$2(Prop.scala:765)
	at org.scalacheck.Prop$.secure(Prop.scala:475)
	at org.scalacheck.Prop$.result$1(Prop.scala:765)
	at org.scalacheck.Prop$.$anonfun$forAllShrink$4(Prop.scala:774)
	at scala.collection.immutable.Stream.map(Stream.scala:173)
	at org.scalacheck.Prop$.getFirstFailure$1(Prop.scala:774)
	at org.scalacheck.Prop$.shrinker$1(Prop.scala:784)
	at org.scalacheck.Prop$.$anonfun$forAllShrink$1(Prop.scala:805)
	at org.scalacheck.Prop$.$anonfun$apply$1(Prop.scala:308)
	at org.scalacheck.PropFromFun.apply(Prop.scala:21)
	at org.scalacheck.Test$.workerFun$1(Test.scala:424)
	at org.scalacheck.Test$.$anonfun$check$1(Test.scala:453)
	at org.scalacheck.Test$.$anonfun$check$1$adapted(Test.scala:453)
	at org.scalacheck.Platform$.runWorkers(Platform.scala:40)
	at org.scalacheck.Test$.check(Test.scala:453)
	at org.scalatestplus.scalacheck.UnitCheckerAsserting$CheckerAssertingImpl.check(CheckerAsserting.scala:90)
	... 102 more
</failure>
                    </testcase><testcase classname="adpro.ExercisesSpec" name="Exercise 6 (Option basics) Option map does nothing on None" time="0.0">
                      
                    </testcase><testcase classname="adpro.ExercisesSpec" name="Exercise 6 (Option basics) Option map on Some just maps the element" time="0.0">
                      
                    </testcase><testcase classname="adpro.ExercisesSpec" name="Exercise 6 (Option basics) Option getOrElse on None always does else" time="0.0">
                      
                    </testcase><testcase classname="adpro.ExercisesSpec" name="Exercise 6 (Option basics) Option getOrElse on Some(n) always gives n" time="0.008">
                      
                    </testcase><testcase classname="adpro.ExercisesSpec" name="Exercise 6 (Option basics) Option flatMap on None does None" time="0.0">
                      
                    </testcase><testcase classname="adpro.ExercisesSpec" name="Exercise 6 (Option basics) Option flatMap to None gives None" time="0.0">
                      
                    </testcase><testcase classname="adpro.ExercisesSpec" name="Exercise 6 (Option basics) Option flatMap on Some applies the function or fails" time="0.0">
                      
                    </testcase><testcase classname="adpro.ExercisesSpec" name="Exercise 6 (Option basics) Option filter on None gives None" time="0.0">
                      
                    </testcase><testcase classname="adpro.ExercisesSpec" name="Exercise 6 (Option basics) Option filter with constant false predicate gives None" time="0.008">
                      
                    </testcase><testcase classname="adpro.ExercisesSpec" name="Exercise 6 (Option basics) Option filter picks the value iff it satisfies the predicate" time="0.0">
                      
                    </testcase><testcase classname="adpro.ExercisesSpec" name="Exercise 5 (Tree fold) size1 behaves like size (check that you use fold!)" time="0.0">
                      <failure message="NotImplementedError was thrown during property evaluation.
  Message: an implementation is missing
  Occurred when passed generated values (
    t = Branch(Leaf(1),Leaf(-2147483648))
  )" type="org.scalatest.exceptions.GeneratorDrivenPropertyCheckFailedException">org.scalatest.exceptions.GeneratorDrivenPropertyCheckFailedException: NotImplementedError was thrown during property evaluation.
  Message: an implementation is missing
  Occurred when passed generated values (
    t = Branch(Leaf(1),Leaf(-2147483648))
  )
	at org.scalatestplus.scalacheck.CheckerAsserting$$anon$2.indicateFailure(CheckerAsserting.scala:251)
	at org.scalatestplus.scalacheck.CheckerAsserting$$anon$2.indicateFailure(CheckerAsserting.scala:238)
	at org.scalatestplus.scalacheck.UnitCheckerAsserting$CheckerAssertingImpl.check(CheckerAsserting.scala:160)
	at org.scalatestplus.scalacheck.ScalaCheckDrivenPropertyChecks.forAll(ScalaCheckDrivenPropertyChecks.scala:950)
	at org.scalatestplus.scalacheck.ScalaCheckDrivenPropertyChecks.forAll$(ScalaCheckDrivenPropertyChecks.scala:919)
	at adpro.ExercisesSpec.forAll(ExercisesSpec.scala:9)
	at adpro.ExercisesSpec.$anonfun$new$69(ExercisesSpec.scala:288)
	at org.scalatest.OutcomeOf.outcomeOf(OutcomeOf.scala:85)
	at org.scalatest.OutcomeOf.outcomeOf$(OutcomeOf.scala:83)
	at org.scalatest.OutcomeOf$.outcomeOf(OutcomeOf.scala:104)
	at org.scalatest.Transformer.apply(Transformer.scala:22)
	at org.scalatest.Transformer.apply(Transformer.scala:20)
	at org.scalatest.freespec.AnyFreeSpecLike$$anon$1.apply(AnyFreeSpecLike.scala:406)
	at org.scalatest.TestSuite.withFixture(TestSuite.scala:196)
	at org.scalatest.TestSuite.withFixture$(TestSuite.scala:195)
	at org.scalatest.freespec.AnyFreeSpec.withFixture(AnyFreeSpec.scala:1739)
	at org.scalatest.freespec.AnyFreeSpecLike.invokeWithFixture$1(AnyFreeSpecLike.scala:404)
	at org.scalatest.freespec.AnyFreeSpecLike.$anonfun$runTest$1(AnyFreeSpecLike.scala:416)
	at org.scalatest.SuperEngine.runTestImpl(Engine.scala:306)
	at org.scalatest.freespec.AnyFreeSpecLike.runTest(AnyFreeSpecLike.scala:416)
	at org.scalatest.freespec.AnyFreeSpecLike.runTest$(AnyFreeSpecLike.scala:398)
	at org.scalatest.freespec.AnyFreeSpec.runTest(AnyFreeSpec.scala:1739)
	at org.scalatest.freespec.AnyFreeSpecLike.$anonfun$runTests$1(AnyFreeSpecLike.scala:475)
	at org.scalatest.SuperEngine.$anonfun$runTestsInBranch$1(Engine.scala:413)
	at scala.collection.immutable.List.foreach(List.scala:333)
	at org.scalatest.SuperEngine.traverseSubNodes$1(Engine.scala:401)
	at org.scalatest.SuperEngine.runTestsInBranch(Engine.scala:390)
	at org.scalatest.SuperEngine.$anonfun$runTestsInBranch$1(Engine.scala:427)
	at scala.collection.immutable.List.foreach(List.scala:333)
	at org.scalatest.SuperEngine.traverseSubNodes$1(Engine.scala:401)
	at org.scalatest.SuperEngine.runTestsInBranch(Engine.scala:396)
	at org.scalatest.SuperEngine.runTestsImpl(Engine.scala:475)
	at org.scalatest.freespec.AnyFreeSpecLike.runTests(AnyFreeSpecLike.scala:475)
	at org.scalatest.freespec.AnyFreeSpecLike.runTests$(AnyFreeSpecLike.scala:474)
	at org.scalatest.freespec.AnyFreeSpec.runTests(AnyFreeSpec.scala:1739)
	at org.scalatest.Suite.run(Suite.scala:1112)
	at org.scalatest.Suite.run$(Suite.scala:1094)
	at org.scalatest.freespec.AnyFreeSpec.org$scalatest$freespec$AnyFreeSpecLike$$super$run(AnyFreeSpec.scala:1739)
	at org.scalatest.freespec.AnyFreeSpecLike.$anonfun$run$1(AnyFreeSpecLike.scala:519)
	at org.scalatest.SuperEngine.runImpl(Engine.scala:535)
	at org.scalatest.freespec.AnyFreeSpecLike.run(AnyFreeSpecLike.scala:519)
	at org.scalatest.freespec.AnyFreeSpecLike.run$(AnyFreeSpecLike.scala:518)
	at org.scalatest.freespec.AnyFreeSpec.run(AnyFreeSpec.scala:1739)
	at org.scalatest.tools.Framework.org$scalatest$tools$Framework$$runSuite(Framework.scala:318)
	at org.scalatest.tools.Framework$ScalaTestTask.execute(Framework.scala:513)
	at sbt.TestRunner.runTest$1(TestFramework.scala:140)
	at sbt.TestRunner.run(TestFramework.scala:155)
	at sbt.TestFramework$$anon$3$$anonfun$$lessinit$greater$1.$anonfun$apply$1(TestFramework.scala:318)
	at sbt.TestFramework$.sbt$TestFramework$$withContextLoader(TestFramework.scala:278)
	at sbt.TestFramework$$anon$3$$anonfun$$lessinit$greater$1.apply(TestFramework.scala:318)
	at sbt.TestFramework$$anon$3$$anonfun$$lessinit$greater$1.apply(TestFramework.scala:318)
	at sbt.TestFunction.apply(TestFramework.scala:330)
	at sbt.Tests$.$anonfun$toTask$1(Tests.scala:435)
	at sbt.std.Transform$$anon$3.$anonfun$apply$2(Transform.scala:46)
	at sbt.std.Transform$$anon$4.work(Transform.scala:68)
	at sbt.Execute.$anonfun$submit$2(Execute.scala:282)
	at sbt.internal.util.ErrorHandling$.wideConvert(ErrorHandling.scala:23)
	at sbt.Execute.work(Execute.scala:291)
	at sbt.Execute.$anonfun$submit$1(Execute.scala:282)
	at sbt.ConcurrentRestrictions$$anon$4.$anonfun$submitValid$1(ConcurrentRestrictions.scala:265)
	at sbt.CompletionService$$anon$2.call(CompletionService.scala:64)
	at java.util.concurrent.FutureTask.run(FutureTask.java:266)
	at java.util.concurrent.Executors$RunnableAdapter.call(Executors.java:511)
	at java.util.concurrent.FutureTask.run(FutureTask.java:266)
	at java.util.concurrent.ThreadPoolExecutor.runWorker(ThreadPoolExecutor.java:1149)
	at java.util.concurrent.ThreadPoolExecutor$Worker.run(ThreadPoolExecutor.java:624)
	at java.lang.Thread.run(Thread.java:748)
Caused by: scala.NotImplementedError: an implementation is missing
	at scala.Predef$.$qmark$qmark$qmark(Predef.scala:345)
	at adpro.Tree$.size1(Exercises.scala:69)
	at adpro.ExercisesSpec.$anonfun$new$70(ExercisesSpec.scala:289)
	at org.scalatestplus.scalacheck.ScalaCheckDrivenPropertyChecks.liftedTree8$1(ScalaCheckDrivenPropertyChecks.scala:930)
	at org.scalatestplus.scalacheck.ScalaCheckDrivenPropertyChecks.$anonfun$forAll$4(ScalaCheckDrivenPropertyChecks.scala:929)
	at scala.Function1.$anonfun$andThen$1(Function1.scala:85)
	at org.scalacheck.Prop$.$anonfun$forAllShrink$2(Prop.scala:765)
	at org.scalacheck.Prop$.secure(Prop.scala:475)
	at org.scalacheck.Prop$.result$1(Prop.scala:765)
	at org.scalacheck.Prop$.$anonfun$forAllShrink$1(Prop.scala:804)
	at org.scalacheck.Prop$.$anonfun$apply$1(Prop.scala:308)
	at org.scalacheck.PropFromFun.apply(Prop.scala:21)
	at org.scalacheck.Test$.workerFun$1(Test.scala:424)
	at org.scalacheck.Test$.$anonfun$check$1(Test.scala:453)
	at org.scalacheck.Test$.$anonfun$check$1$adapted(Test.scala:453)
	at org.scalacheck.Platform$.runWorkers(Platform.scala:40)
	at org.scalacheck.Test$.check(Test.scala:453)
	at org.scalatestplus.scalacheck.UnitCheckerAsserting$CheckerAssertingImpl.check(CheckerAsserting.scala:90)
	... 64 more
</failure>
                    </testcase><testcase classname="adpro.ExercisesSpec" name="Exercise 5 (Tree fold) maximum1 behaves like size (check that you used fold!)" time="0.0">
                      <failure message="NotImplementedError was thrown during property evaluation.
  Message: an implementation is missing
  Occurred when passed generated values (
    t = Leaf(-107202534)
  )" type="org.scalatest.exceptions.GeneratorDrivenPropertyCheckFailedException">org.scalatest.exceptions.GeneratorDrivenPropertyCheckFailedException: NotImplementedError was thrown during property evaluation.
  Message: an implementation is missing
  Occurred when passed generated values (
    t = Leaf(-107202534)
  )
	at org.scalatestplus.scalacheck.CheckerAsserting$$anon$2.indicateFailure(CheckerAsserting.scala:251)
	at org.scalatestplus.scalacheck.CheckerAsserting$$anon$2.indicateFailure(CheckerAsserting.scala:238)
	at org.scalatestplus.scalacheck.UnitCheckerAsserting$CheckerAssertingImpl.check(CheckerAsserting.scala:160)
	at org.scalatestplus.scalacheck.ScalaCheckDrivenPropertyChecks.forAll(ScalaCheckDrivenPropertyChecks.scala:950)
	at org.scalatestplus.scalacheck.ScalaCheckDrivenPropertyChecks.forAll$(ScalaCheckDrivenPropertyChecks.scala:919)
	at adpro.ExercisesSpec.forAll(ExercisesSpec.scala:9)
	at adpro.ExercisesSpec.$anonfun$new$71(ExercisesSpec.scala:294)
	at org.scalatest.OutcomeOf.outcomeOf(OutcomeOf.scala:85)
	at org.scalatest.OutcomeOf.outcomeOf$(OutcomeOf.scala:83)
	at org.scalatest.OutcomeOf$.outcomeOf(OutcomeOf.scala:104)
	at org.scalatest.Transformer.apply(Transformer.scala:22)
	at org.scalatest.Transformer.apply(Transformer.scala:20)
	at org.scalatest.freespec.AnyFreeSpecLike$$anon$1.apply(AnyFreeSpecLike.scala:406)
	at org.scalatest.TestSuite.withFixture(TestSuite.scala:196)
	at org.scalatest.TestSuite.withFixture$(TestSuite.scala:195)
	at org.scalatest.freespec.AnyFreeSpec.withFixture(AnyFreeSpec.scala:1739)
	at org.scalatest.freespec.AnyFreeSpecLike.invokeWithFixture$1(AnyFreeSpecLike.scala:404)
	at org.scalatest.freespec.AnyFreeSpecLike.$anonfun$runTest$1(AnyFreeSpecLike.scala:416)
	at org.scalatest.SuperEngine.runTestImpl(Engine.scala:306)
	at org.scalatest.freespec.AnyFreeSpecLike.runTest(AnyFreeSpecLike.scala:416)
	at org.scalatest.freespec.AnyFreeSpecLike.runTest$(AnyFreeSpecLike.scala:398)
	at org.scalatest.freespec.AnyFreeSpec.runTest(AnyFreeSpec.scala:1739)
	at org.scalatest.freespec.AnyFreeSpecLike.$anonfun$runTests$1(AnyFreeSpecLike.scala:475)
	at org.scalatest.SuperEngine.$anonfun$runTestsInBranch$1(Engine.scala:413)
	at scala.collection.immutable.List.foreach(List.scala:333)
	at org.scalatest.SuperEngine.traverseSubNodes$1(Engine.scala:401)
	at org.scalatest.SuperEngine.runTestsInBranch(Engine.scala:390)
	at org.scalatest.SuperEngine.$anonfun$runTestsInBranch$1(Engine.scala:427)
	at scala.collection.immutable.List.foreach(List.scala:333)
	at org.scalatest.SuperEngine.traverseSubNodes$1(Engine.scala:401)
	at org.scalatest.SuperEngine.runTestsInBranch(Engine.scala:396)
	at org.scalatest.SuperEngine.runTestsImpl(Engine.scala:475)
	at org.scalatest.freespec.AnyFreeSpecLike.runTests(AnyFreeSpecLike.scala:475)
	at org.scalatest.freespec.AnyFreeSpecLike.runTests$(AnyFreeSpecLike.scala:474)
	at org.scalatest.freespec.AnyFreeSpec.runTests(AnyFreeSpec.scala:1739)
	at org.scalatest.Suite.run(Suite.scala:1112)
	at org.scalatest.Suite.run$(Suite.scala:1094)
	at org.scalatest.freespec.AnyFreeSpec.org$scalatest$freespec$AnyFreeSpecLike$$super$run(AnyFreeSpec.scala:1739)
	at org.scalatest.freespec.AnyFreeSpecLike.$anonfun$run$1(AnyFreeSpecLike.scala:519)
	at org.scalatest.SuperEngine.runImpl(Engine.scala:535)
	at org.scalatest.freespec.AnyFreeSpecLike.run(AnyFreeSpecLike.scala:519)
	at org.scalatest.freespec.AnyFreeSpecLike.run$(AnyFreeSpecLike.scala:518)
	at org.scalatest.freespec.AnyFreeSpec.run(AnyFreeSpec.scala:1739)
	at org.scalatest.tools.Framework.org$scalatest$tools$Framework$$runSuite(Framework.scala:318)
	at org.scalatest.tools.Framework$ScalaTestTask.execute(Framework.scala:513)
	at sbt.TestRunner.runTest$1(TestFramework.scala:140)
	at sbt.TestRunner.run(TestFramework.scala:155)
	at sbt.TestFramework$$anon$3$$anonfun$$lessinit$greater$1.$anonfun$apply$1(TestFramework.scala:318)
	at sbt.TestFramework$.sbt$TestFramework$$withContextLoader(TestFramework.scala:278)
	at sbt.TestFramework$$anon$3$$anonfun$$lessinit$greater$1.apply(TestFramework.scala:318)
	at sbt.TestFramework$$anon$3$$anonfun$$lessinit$greater$1.apply(TestFramework.scala:318)
	at sbt.TestFunction.apply(TestFramework.scala:330)
	at sbt.Tests$.$anonfun$toTask$1(Tests.scala:435)
	at sbt.std.Transform$$anon$3.$anonfun$apply$2(Transform.scala:46)
	at sbt.std.Transform$$anon$4.work(Transform.scala:68)
	at sbt.Execute.$anonfun$submit$2(Execute.scala:282)
	at sbt.internal.util.ErrorHandling$.wideConvert(ErrorHandling.scala:23)
	at sbt.Execute.work(Execute.scala:291)
	at sbt.Execute.$anonfun$submit$1(Execute.scala:282)
	at sbt.ConcurrentRestrictions$$anon$4.$anonfun$submitValid$1(ConcurrentRestrictions.scala:265)
	at sbt.CompletionService$$anon$2.call(CompletionService.scala:64)
	at java.util.concurrent.FutureTask.run(FutureTask.java:266)
	at java.util.concurrent.Executors$RunnableAdapter.call(Executors.java:511)
	at java.util.concurrent.FutureTask.run(FutureTask.java:266)
	at java.util.concurrent.ThreadPoolExecutor.runWorker(ThreadPoolExecutor.java:1149)
	at java.util.concurrent.ThreadPoolExecutor$Worker.run(ThreadPoolExecutor.java:624)
	at java.lang.Thread.run(Thread.java:748)
Caused by: scala.NotImplementedError: an implementation is missing
	at scala.Predef$.$qmark$qmark$qmark(Predef.scala:345)
	at adpro.Tree$.maximum1(Exercises.scala:71)
	at adpro.ExercisesSpec.$anonfun$new$72(ExercisesSpec.scala:295)
	at org.scalatestplus.scalacheck.ScalaCheckDrivenPropertyChecks.liftedTree8$1(ScalaCheckDrivenPropertyChecks.scala:930)
	at org.scalatestplus.scalacheck.ScalaCheckDrivenPropertyChecks.$anonfun$forAll$4(ScalaCheckDrivenPropertyChecks.scala:929)
	at scala.Function1.$anonfun$andThen$1(Function1.scala:85)
	at org.scalacheck.Prop$.$anonfun$forAllShrink$2(Prop.scala:765)
	at org.scalacheck.Prop$.secure(Prop.scala:475)
	at org.scalacheck.Prop$.result$1(Prop.scala:765)
	at org.scalacheck.Prop$.$anonfun$forAllShrink$1(Prop.scala:804)
	at org.scalacheck.Prop$.$anonfun$apply$1(Prop.scala:308)
	at org.scalacheck.PropFromFun.apply(Prop.scala:21)
	at org.scalacheck.Test$.workerFun$1(Test.scala:424)
	at org.scalacheck.Test$.$anonfun$check$1(Test.scala:453)
	at org.scalacheck.Test$.$anonfun$check$1$adapted(Test.scala:453)
	at org.scalacheck.Platform$.runWorkers(Platform.scala:40)
	at org.scalacheck.Test$.check(Test.scala:453)
	at org.scalatestplus.scalacheck.UnitCheckerAsserting$CheckerAssertingImpl.check(CheckerAsserting.scala:90)
	... 64 more
</failure>
                    </testcase><testcase classname="adpro.ExercisesSpec" name="Exercise 5 (Tree fold) map1 behaves like map (check that you used fold!)" time="0.0">
                      <failure message="NotImplementedError was thrown during property evaluation.
  Message: an implementation is missing
  Occurred when passed generated values (
    t = Leaf(0),
    f = org.scalacheck.GenArities$$Lambda$13856/453894182@1ef38b0e
  )" type="org.scalatest.exceptions.GeneratorDrivenPropertyCheckFailedException">org.scalatest.exceptions.GeneratorDrivenPropertyCheckFailedException: NotImplementedError was thrown during property evaluation.
  Message: an implementation is missing
  Occurred when passed generated values (
    t = Leaf(0),
    f = org.scalacheck.GenArities$$Lambda$13856/453894182@1ef38b0e
  )
	at org.scalatestplus.scalacheck.CheckerAsserting$$anon$2.indicateFailure(CheckerAsserting.scala:251)
	at org.scalatestplus.scalacheck.CheckerAsserting$$anon$2.indicateFailure(CheckerAsserting.scala:238)
	at org.scalatestplus.scalacheck.UnitCheckerAsserting$CheckerAssertingImpl.check(CheckerAsserting.scala:160)
	at org.scalatestplus.scalacheck.ScalaCheckDrivenPropertyChecks.forAll(ScalaCheckDrivenPropertyChecks.scala:1169)
	at org.scalatestplus.scalacheck.ScalaCheckDrivenPropertyChecks.forAll$(ScalaCheckDrivenPropertyChecks.scala:1137)
	at adpro.ExercisesSpec.forAll(ExercisesSpec.scala:9)
	at adpro.ExercisesSpec.$anonfun$new$73(ExercisesSpec.scala:300)
	at org.scalatest.OutcomeOf.outcomeOf(OutcomeOf.scala:85)
	at org.scalatest.OutcomeOf.outcomeOf$(OutcomeOf.scala:83)
	at org.scalatest.OutcomeOf$.outcomeOf(OutcomeOf.scala:104)
	at org.scalatest.Transformer.apply(Transformer.scala:22)
	at org.scalatest.Transformer.apply(Transformer.scala:20)
	at org.scalatest.freespec.AnyFreeSpecLike$$anon$1.apply(AnyFreeSpecLike.scala:406)
	at org.scalatest.TestSuite.withFixture(TestSuite.scala:196)
	at org.scalatest.TestSuite.withFixture$(TestSuite.scala:195)
	at org.scalatest.freespec.AnyFreeSpec.withFixture(AnyFreeSpec.scala:1739)
	at org.scalatest.freespec.AnyFreeSpecLike.invokeWithFixture$1(AnyFreeSpecLike.scala:404)
	at org.scalatest.freespec.AnyFreeSpecLike.$anonfun$runTest$1(AnyFreeSpecLike.scala:416)
	at org.scalatest.SuperEngine.runTestImpl(Engine.scala:306)
	at org.scalatest.freespec.AnyFreeSpecLike.runTest(AnyFreeSpecLike.scala:416)
	at org.scalatest.freespec.AnyFreeSpecLike.runTest$(AnyFreeSpecLike.scala:398)
	at org.scalatest.freespec.AnyFreeSpec.runTest(AnyFreeSpec.scala:1739)
	at org.scalatest.freespec.AnyFreeSpecLike.$anonfun$runTests$1(AnyFreeSpecLike.scala:475)
	at org.scalatest.SuperEngine.$anonfun$runTestsInBranch$1(Engine.scala:413)
	at scala.collection.immutable.List.foreach(List.scala:333)
	at org.scalatest.SuperEngine.traverseSubNodes$1(Engine.scala:401)
	at org.scalatest.SuperEngine.runTestsInBranch(Engine.scala:390)
	at org.scalatest.SuperEngine.$anonfun$runTestsInBranch$1(Engine.scala:427)
	at scala.collection.immutable.List.foreach(List.scala:333)
	at org.scalatest.SuperEngine.traverseSubNodes$1(Engine.scala:401)
	at org.scalatest.SuperEngine.runTestsInBranch(Engine.scala:396)
	at org.scalatest.SuperEngine.runTestsImpl(Engine.scala:475)
	at org.scalatest.freespec.AnyFreeSpecLike.runTests(AnyFreeSpecLike.scala:475)
	at org.scalatest.freespec.AnyFreeSpecLike.runTests$(AnyFreeSpecLike.scala:474)
	at org.scalatest.freespec.AnyFreeSpec.runTests(AnyFreeSpec.scala:1739)
	at org.scalatest.Suite.run(Suite.scala:1112)
	at org.scalatest.Suite.run$(Suite.scala:1094)
	at org.scalatest.freespec.AnyFreeSpec.org$scalatest$freespec$AnyFreeSpecLike$$super$run(AnyFreeSpec.scala:1739)
	at org.scalatest.freespec.AnyFreeSpecLike.$anonfun$run$1(AnyFreeSpecLike.scala:519)
	at org.scalatest.SuperEngine.runImpl(Engine.scala:535)
	at org.scalatest.freespec.AnyFreeSpecLike.run(AnyFreeSpecLike.scala:519)
	at org.scalatest.freespec.AnyFreeSpecLike.run$(AnyFreeSpecLike.scala:518)
	at org.scalatest.freespec.AnyFreeSpec.run(AnyFreeSpec.scala:1739)
	at org.scalatest.tools.Framework.org$scalatest$tools$Framework$$runSuite(Framework.scala:318)
	at org.scalatest.tools.Framework$ScalaTestTask.execute(Framework.scala:513)
	at sbt.TestRunner.runTest$1(TestFramework.scala:140)
	at sbt.TestRunner.run(TestFramework.scala:155)
	at sbt.TestFramework$$anon$3$$anonfun$$lessinit$greater$1.$anonfun$apply$1(TestFramework.scala:318)
	at sbt.TestFramework$.sbt$TestFramework$$withContextLoader(TestFramework.scala:278)
	at sbt.TestFramework$$anon$3$$anonfun$$lessinit$greater$1.apply(TestFramework.scala:318)
	at sbt.TestFramework$$anon$3$$anonfun$$lessinit$greater$1.apply(TestFramework.scala:318)
	at sbt.TestFunction.apply(TestFramework.scala:330)
	at sbt.Tests$.$anonfun$toTask$1(Tests.scala:435)
	at sbt.std.Transform$$anon$3.$anonfun$apply$2(Transform.scala:46)
	at sbt.std.Transform$$anon$4.work(Transform.scala:68)
	at sbt.Execute.$anonfun$submit$2(Execute.scala:282)
	at sbt.internal.util.ErrorHandling$.wideConvert(ErrorHandling.scala:23)
	at sbt.Execute.work(Execute.scala:291)
	at sbt.Execute.$anonfun$submit$1(Execute.scala:282)
	at sbt.ConcurrentRestrictions$$anon$4.$anonfun$submitValid$1(ConcurrentRestrictions.scala:265)
	at sbt.CompletionService$$anon$2.call(CompletionService.scala:64)
	at java.util.concurrent.FutureTask.run(FutureTask.java:266)
	at java.util.concurrent.Executors$RunnableAdapter.call(Executors.java:511)
	at java.util.concurrent.FutureTask.run(FutureTask.java:266)
	at java.util.concurrent.ThreadPoolExecutor.runWorker(ThreadPoolExecutor.java:1149)
	at java.util.concurrent.ThreadPoolExecutor$Worker.run(ThreadPoolExecutor.java:624)
	at java.lang.Thread.run(Thread.java:748)
Caused by: scala.NotImplementedError: an implementation is missing
	at scala.Predef$.$qmark$qmark$qmark(Predef.scala:345)
	at adpro.Tree$.map1(Exercises.scala:73)
	at adpro.ExercisesSpec.$anonfun$new$74(ExercisesSpec.scala:301)
	at org.scalatestplus.scalacheck.ScalaCheckDrivenPropertyChecks.liftedTree12$1(ScalaCheckDrivenPropertyChecks.scala:1149)
	at org.scalatestplus.scalacheck.ScalaCheckDrivenPropertyChecks.$anonfun$forAll$17(ScalaCheckDrivenPropertyChecks.scala:1148)
	at org.scalacheck.Prop$.$anonfun$forAll$18(Prop.scala:925)
	at scala.Function1.$anonfun$andThen$1(Function1.scala:85)
	at org.scalacheck.Prop$.$anonfun$forAllShrink$2(Prop.scala:765)
	at org.scalacheck.Prop$.secure(Prop.scala:475)
	at org.scalacheck.Prop$.result$1(Prop.scala:765)
	at org.scalacheck.Prop$.$anonfun$forAllShrink$1(Prop.scala:804)
	at org.scalacheck.Prop$.$anonfun$apply$1(Prop.scala:308)
	at org.scalacheck.PropFromFun.apply(Prop.scala:21)
	at org.scalacheck.Prop$.result$1(Prop.scala:766)
	at org.scalacheck.Prop$.$anonfun$forAllShrink$1(Prop.scala:804)
	at org.scalacheck.Prop$.$anonfun$apply$1(Prop.scala:308)
	at org.scalacheck.PropFromFun.apply(Prop.scala:21)
	at org.scalacheck.Test$.workerFun$1(Test.scala:424)
	at org.scalacheck.Test$.$anonfun$check$1(Test.scala:453)
	at org.scalacheck.Test$.$anonfun$check$1$adapted(Test.scala:453)
	at org.scalacheck.Platform$.runWorkers(Platform.scala:40)
	at org.scalacheck.Test$.check(Test.scala:453)
	at org.scalatestplus.scalacheck.UnitCheckerAsserting$CheckerAssertingImpl.check(CheckerAsserting.scala:90)
	... 64 more
</failure>
                    </testcase><testcase classname="adpro.ExercisesSpec" name="Exercise 4 (Tree map) a simple scenario test" time="0.0">
                      
                    </testcase><testcase classname="adpro.ExercisesSpec" name="Exercise 4 (Tree map) identity is a unit with map" time="0.0">
                      
                    </testcase><testcase classname="adpro.ExercisesSpec" name="Exercise 4 (Tree map) map does not change size" time="0.0">
                      
                    </testcase><testcase classname="adpro.ExercisesSpec" name="Exercise 4 (Tree map) map is 'associative'" time="0.0">
                      
                    </testcase><testcase classname="adpro.ExercisesSpec" name="Exercise 3 (Tree maximum) a simple scenario test" time="0.0">
                      
                    </testcase><testcase classname="adpro.ExercisesSpec" name="Exercise 3 (Tree maximum) a singleton tree test" time="0.0">
                      
                    </testcase><testcase classname="adpro.ExercisesSpec" name="Exercise 3 (Tree maximum) a bi-node tree test" time="0.0">
                      
                    </testcase><testcase classname="adpro.ExercisesSpec" name="Exercise 3 (Tree maximum) a tri-node tree test" time="0.008">
                      
                    </testcase><testcase classname="adpro.ExercisesSpec" name="Exercise 2 (Tree size) a simple scenario test" time="0.0">
                      
                    </testcase><testcase classname="adpro.ExercisesSpec" name="Exercise 2 (Tree size) a leaf should be size 1" time="0.0">
                      
                    </testcase><testcase classname="adpro.ExercisesSpec" name="Exercise 1 the scenario test from the exercise text" time="0.0">
                      <failure message="an implementation is missing" type="scala.NotImplementedError">scala.NotImplementedError: an implementation is missing
	at scala.Predef$.$qmark$qmark$qmark(Predef.scala:345)
	at adpro.OrderedPoint.compare(Exercises.scala:30)
	at adpro.OrderedPoint.compare$(Exercises.scala:30)
	at adpro.ExercisesSpec$$anon$2.compare(ExercisesSpec.scala:390)
	at adpro.ExercisesSpec$$anon$2.compare(ExercisesSpec.scala:390)
	at scala.math.Ordered.$less(Ordered.scala:78)
	at scala.math.Ordered.$less$(Ordered.scala:78)
	at adpro.ExercisesSpec$$anon$2.$less(ExercisesSpec.scala:390)
	at adpro.ExercisesSpec.$anonfun$new$102(ExercisesSpec.scala:392)
	at org.scalatest.OutcomeOf.outcomeOf(OutcomeOf.scala:85)
	at org.scalatest.OutcomeOf.outcomeOf$(OutcomeOf.scala:83)
	at org.scalatest.OutcomeOf$.outcomeOf(OutcomeOf.scala:104)
	at org.scalatest.Transformer.apply(Transformer.scala:22)
	at org.scalatest.Transformer.apply(Transformer.scala:20)
	at org.scalatest.freespec.AnyFreeSpecLike$$anon$1.apply(AnyFreeSpecLike.scala:406)
	at org.scalatest.TestSuite.withFixture(TestSuite.scala:196)
	at org.scalatest.TestSuite.withFixture$(TestSuite.scala:195)
	at org.scalatest.freespec.AnyFreeSpec.withFixture(AnyFreeSpec.scala:1739)
	at org.scalatest.freespec.AnyFreeSpecLike.invokeWithFixture$1(AnyFreeSpecLike.scala:404)
	at org.scalatest.freespec.AnyFreeSpecLike.$anonfun$runTest$1(AnyFreeSpecLike.scala:416)
	at org.scalatest.SuperEngine.runTestImpl(Engine.scala:306)
	at org.scalatest.freespec.AnyFreeSpecLike.runTest(AnyFreeSpecLike.scala:416)
	at org.scalatest.freespec.AnyFreeSpecLike.runTest$(AnyFreeSpecLike.scala:398)
	at org.scalatest.freespec.AnyFreeSpec.runTest(AnyFreeSpec.scala:1739)
	at org.scalatest.freespec.AnyFreeSpecLike.$anonfun$runTests$1(AnyFreeSpecLike.scala:475)
	at org.scalatest.SuperEngine.$anonfun$runTestsInBranch$1(Engine.scala:413)
	at scala.collection.immutable.List.foreach(List.scala:333)
	at org.scalatest.SuperEngine.traverseSubNodes$1(Engine.scala:401)
	at org.scalatest.SuperEngine.runTestsInBranch(Engine.scala:390)
	at org.scalatest.SuperEngine.$anonfun$runTestsInBranch$1(Engine.scala:427)
	at scala.collection.immutable.List.foreach(List.scala:333)
	at org.scalatest.SuperEngine.traverseSubNodes$1(Engine.scala:401)
	at org.scalatest.SuperEngine.runTestsInBranch(Engine.scala:396)
	at org.scalatest.SuperEngine.runTestsImpl(Engine.scala:475)
	at org.scalatest.freespec.AnyFreeSpecLike.runTests(AnyFreeSpecLike.scala:475)
	at org.scalatest.freespec.AnyFreeSpecLike.runTests$(AnyFreeSpecLike.scala:474)
	at org.scalatest.freespec.AnyFreeSpec.runTests(AnyFreeSpec.scala:1739)
	at org.scalatest.Suite.run(Suite.scala:1112)
	at org.scalatest.Suite.run$(Suite.scala:1094)
	at org.scalatest.freespec.AnyFreeSpec.org$scalatest$freespec$AnyFreeSpecLike$$super$run(AnyFreeSpec.scala:1739)
	at org.scalatest.freespec.AnyFreeSpecLike.$anonfun$run$1(AnyFreeSpecLike.scala:519)
	at org.scalatest.SuperEngine.runImpl(Engine.scala:535)
	at org.scalatest.freespec.AnyFreeSpecLike.run(AnyFreeSpecLike.scala:519)
	at org.scalatest.freespec.AnyFreeSpecLike.run$(AnyFreeSpecLike.scala:518)
	at org.scalatest.freespec.AnyFreeSpec.run(AnyFreeSpec.scala:1739)
	at org.scalatest.tools.Framework.org$scalatest$tools$Framework$$runSuite(Framework.scala:318)
	at org.scalatest.tools.Framework$ScalaTestTask.execute(Framework.scala:513)
	at sbt.TestRunner.runTest$1(TestFramework.scala:140)
	at sbt.TestRunner.run(TestFramework.scala:155)
	at sbt.TestFramework$$anon$3$$anonfun$$lessinit$greater$1.$anonfun$apply$1(TestFramework.scala:318)
	at sbt.TestFramework$.sbt$TestFramework$$withContextLoader(TestFramework.scala:278)
	at sbt.TestFramework$$anon$3$$anonfun$$lessinit$greater$1.apply(TestFramework.scala:318)
	at sbt.TestFramework$$anon$3$$anonfun$$lessinit$greater$1.apply(TestFramework.scala:318)
	at sbt.TestFunction.apply(TestFramework.scala:330)
	at sbt.Tests$.$anonfun$toTask$1(Tests.scala:435)
	at sbt.std.Transform$$anon$3.$anonfun$apply$2(Transform.scala:46)
	at sbt.std.Transform$$anon$4.work(Transform.scala:68)
	at sbt.Execute.$anonfun$submit$2(Execute.scala:282)
	at sbt.internal.util.ErrorHandling$.wideConvert(ErrorHandling.scala:23)
	at sbt.Execute.work(Execute.scala:291)
	at sbt.Execute.$anonfun$submit$1(Execute.scala:282)
	at sbt.ConcurrentRestrictions$$anon$4.$anonfun$submitValid$1(ConcurrentRestrictions.scala:265)
	at sbt.CompletionService$$anon$2.call(CompletionService.scala:64)
	at java.util.concurrent.FutureTask.run(FutureTask.java:266)
	at java.util.concurrent.Executors$RunnableAdapter.call(Executors.java:511)
	at java.util.concurrent.FutureTask.run(FutureTask.java:266)
	at java.util.concurrent.ThreadPoolExecutor.runWorker(ThreadPoolExecutor.java:1149)
	at java.util.concurrent.ThreadPoolExecutor$Worker.run(ThreadPoolExecutor.java:624)
	at java.lang.Thread.run(Thread.java:748)
</failure>
                    </testcase><testcase classname="adpro.ExercisesSpec" name="Exercise 1 non-negative shift preserves order" time="0.266">
                      <failure message="NotImplementedError was thrown during property evaluation.
  Message: an implementation is missing
  Occurred when passed generated values (
    x = 0, // 13 shrinks
    y = 0, // 12 shrinks
    a = 0, // 13 shrinks
    b = 0 // 10 shrinks
  )" type="org.scalatest.exceptions.GeneratorDrivenPropertyCheckFailedException">org.scalatest.exceptions.GeneratorDrivenPropertyCheckFailedException: NotImplementedError was thrown during property evaluation.
  Message: an implementation is missing
  Occurred when passed generated values (
    x = 0, // 13 shrinks
    y = 0, // 12 shrinks
    a = 0, // 13 shrinks
    b = 0 // 10 shrinks
  )
	at org.scalatestplus.scalacheck.CheckerAsserting$$anon$2.indicateFailure(CheckerAsserting.scala:251)
	at org.scalatestplus.scalacheck.CheckerAsserting$$anon$2.indicateFailure(CheckerAsserting.scala:238)
	at org.scalatestplus.scalacheck.UnitCheckerAsserting$CheckerAssertingImpl.check(CheckerAsserting.scala:160)
	at org.scalatestplus.scalacheck.ScalaCheckDrivenPropertyChecks.forAll(ScalaCheckDrivenPropertyChecks.scala:1748)
	at org.scalatestplus.scalacheck.ScalaCheckDrivenPropertyChecks.forAll$(ScalaCheckDrivenPropertyChecks.scala:1708)
	at adpro.ExercisesSpec.forAll(ExercisesSpec.scala:9)
	at adpro.ExercisesSpec.$anonfun$new$103(ExercisesSpec.scala:400)
	at org.scalatest.OutcomeOf.outcomeOf(OutcomeOf.scala:85)
	at org.scalatest.OutcomeOf.outcomeOf$(OutcomeOf.scala:83)
	at org.scalatest.OutcomeOf$.outcomeOf(OutcomeOf.scala:104)
	at org.scalatest.Transformer.apply(Transformer.scala:22)
	at org.scalatest.Transformer.apply(Transformer.scala:20)
	at org.scalatest.freespec.AnyFreeSpecLike$$anon$1.apply(AnyFreeSpecLike.scala:406)
	at org.scalatest.TestSuite.withFixture(TestSuite.scala:196)
	at org.scalatest.TestSuite.withFixture$(TestSuite.scala:195)
	at org.scalatest.freespec.AnyFreeSpec.withFixture(AnyFreeSpec.scala:1739)
	at org.scalatest.freespec.AnyFreeSpecLike.invokeWithFixture$1(AnyFreeSpecLike.scala:404)
	at org.scalatest.freespec.AnyFreeSpecLike.$anonfun$runTest$1(AnyFreeSpecLike.scala:416)
	at org.scalatest.SuperEngine.runTestImpl(Engine.scala:306)
	at org.scalatest.freespec.AnyFreeSpecLike.runTest(AnyFreeSpecLike.scala:416)
	at org.scalatest.freespec.AnyFreeSpecLike.runTest$(AnyFreeSpecLike.scala:398)
	at org.scalatest.freespec.AnyFreeSpec.runTest(AnyFreeSpec.scala:1739)
	at org.scalatest.freespec.AnyFreeSpecLike.$anonfun$runTests$1(AnyFreeSpecLike.scala:475)
	at org.scalatest.SuperEngine.$anonfun$runTestsInBranch$1(Engine.scala:413)
	at scala.collection.immutable.List.foreach(List.scala:333)
	at org.scalatest.SuperEngine.traverseSubNodes$1(Engine.scala:401)
	at org.scalatest.SuperEngine.runTestsInBranch(Engine.scala:390)
	at org.scalatest.SuperEngine.$anonfun$runTestsInBranch$1(Engine.scala:427)
	at scala.collection.immutable.List.foreach(List.scala:333)
	at org.scalatest.SuperEngine.traverseSubNodes$1(Engine.scala:401)
	at org.scalatest.SuperEngine.runTestsInBranch(Engine.scala:396)
	at org.scalatest.SuperEngine.runTestsImpl(Engine.scala:475)
	at org.scalatest.freespec.AnyFreeSpecLike.runTests(AnyFreeSpecLike.scala:475)
	at org.scalatest.freespec.AnyFreeSpecLike.runTests$(AnyFreeSpecLike.scala:474)
	at org.scalatest.freespec.AnyFreeSpec.runTests(AnyFreeSpec.scala:1739)
	at org.scalatest.Suite.run(Suite.scala:1112)
	at org.scalatest.Suite.run$(Suite.scala:1094)
	at org.scalatest.freespec.AnyFreeSpec.org$scalatest$freespec$AnyFreeSpecLike$$super$run(AnyFreeSpec.scala:1739)
	at org.scalatest.freespec.AnyFreeSpecLike.$anonfun$run$1(AnyFreeSpecLike.scala:519)
	at org.scalatest.SuperEngine.runImpl(Engine.scala:535)
	at org.scalatest.freespec.AnyFreeSpecLike.run(AnyFreeSpecLike.scala:519)
	at org.scalatest.freespec.AnyFreeSpecLike.run$(AnyFreeSpecLike.scala:518)
	at org.scalatest.freespec.AnyFreeSpec.run(AnyFreeSpec.scala:1739)
	at org.scalatest.tools.Framework.org$scalatest$tools$Framework$$runSuite(Framework.scala:318)
	at org.scalatest.tools.Framework$ScalaTestTask.execute(Framework.scala:513)
	at sbt.TestRunner.runTest$1(TestFramework.scala:140)
	at sbt.TestRunner.run(TestFramework.scala:155)
	at sbt.TestFramework$$anon$3$$anonfun$$lessinit$greater$1.$anonfun$apply$1(TestFramework.scala:318)
	at sbt.TestFramework$.sbt$TestFramework$$withContextLoader(TestFramework.scala:278)
	at sbt.TestFramework$$anon$3$$anonfun$$lessinit$greater$1.apply(TestFramework.scala:318)
	at sbt.TestFramework$$anon$3$$anonfun$$lessinit$greater$1.apply(TestFramework.scala:318)
	at sbt.TestFunction.apply(TestFramework.scala:330)
	at sbt.Tests$.$anonfun$toTask$1(Tests.scala:435)
	at sbt.std.Transform$$anon$3.$anonfun$apply$2(Transform.scala:46)
	at sbt.std.Transform$$anon$4.work(Transform.scala:68)
	at sbt.Execute.$anonfun$submit$2(Execute.scala:282)
	at sbt.internal.util.ErrorHandling$.wideConvert(ErrorHandling.scala:23)
	at sbt.Execute.work(Execute.scala:291)
	at sbt.Execute.$anonfun$submit$1(Execute.scala:282)
	at sbt.ConcurrentRestrictions$$anon$4.$anonfun$submitValid$1(ConcurrentRestrictions.scala:265)
	at sbt.CompletionService$$anon$2.call(CompletionService.scala:64)
	at java.util.concurrent.FutureTask.run(FutureTask.java:266)
	at java.util.concurrent.Executors$RunnableAdapter.call(Executors.java:511)
	at java.util.concurrent.FutureTask.run(FutureTask.java:266)
	at java.util.concurrent.ThreadPoolExecutor.runWorker(ThreadPoolExecutor.java:1149)
	at java.util.concurrent.ThreadPoolExecutor$Worker.run(ThreadPoolExecutor.java:624)
	at java.lang.Thread.run(Thread.java:748)
Caused by: scala.NotImplementedError: an implementation is missing
	at scala.Predef$.$qmark$qmark$qmark(Predef.scala:345)
	at adpro.OrderedPoint.compare(Exercises.scala:30)
	at adpro.OrderedPoint.compare$(Exercises.scala:30)
	at adpro.ExercisesSpec$$anon$4.compare(ExercisesSpec.scala:402)
	at adpro.ExercisesSpec$$anon$4.compare(ExercisesSpec.scala:402)
	at scala.math.Ordered.$less$eq(Ordered.scala:86)
	at scala.math.Ordered.$less$eq$(Ordered.scala:86)
	at adpro.ExercisesSpec$$anon$4.$less$eq(ExercisesSpec.scala:402)
	at adpro.ExercisesSpec.$anonfun$new$104(ExercisesSpec.scala:404)
	at adpro.ExercisesSpec.$anonfun$new$104$adapted(ExercisesSpec.scala:401)
	at org.scalatestplus.scalacheck.ScalaCheckDrivenPropertyChecks.liftedTree22$1(ScalaCheckDrivenPropertyChecks.scala:1728)
	at org.scalatestplus.scalacheck.ScalaCheckDrivenPropertyChecks.$anonfun$forAll$67(ScalaCheckDrivenPropertyChecks.scala:1727)
	at org.scalacheck.Prop$.$anonfun$forAll$7(Prop.scala:852)
	at org.scalacheck.Prop$.$anonfun$forAll$5(Prop.scala:840)
	at org.scalacheck.Prop$.$anonfun$forAll$3(Prop.scala:829)
	at org.scalacheck.Prop$.$anonfun$forAllShrink$2(Prop.scala:765)
	at org.scalacheck.Prop$.secure(Prop.scala:475)
	at org.scalacheck.Prop$.result$1(Prop.scala:765)
	at org.scalacheck.Prop$.$anonfun$forAllShrink$4(Prop.scala:774)
	at scala.collection.immutable.Stream.map(Stream.scala:173)
	at org.scalacheck.Prop$.getFirstFailure$1(Prop.scala:774)
	at org.scalacheck.Prop$.shrinker$1(Prop.scala:784)
	at org.scalacheck.Prop$.$anonfun$forAllShrink$1(Prop.scala:805)
	at org.scalacheck.Prop$.$anonfun$apply$1(Prop.scala:308)
	at org.scalacheck.PropFromFun.apply(Prop.scala:21)
	at org.scalacheck.Prop$.result$1(Prop.scala:766)
	at org.scalacheck.Prop$.$anonfun$forAllShrink$4(Prop.scala:774)
	at scala.collection.immutable.Stream.map(Stream.scala:173)
	at org.scalacheck.Prop$.getFirstFailure$1(Prop.scala:774)
	at org.scalacheck.Prop$.shrinker$1(Prop.scala:784)
	at org.scalacheck.Prop$.$anonfun$forAllShrink$1(Prop.scala:805)
	at org.scalacheck.Prop$.$anonfun$apply$1(Prop.scala:308)
	at org.scalacheck.PropFromFun.apply(Prop.scala:21)
	at org.scalacheck.Prop$.result$1(Prop.scala:766)
	at org.scalacheck.Prop$.$anonfun$forAllShrink$4(Prop.scala:774)
	at scala.collection.immutable.Stream.map(Stream.scala:173)
	at org.scalacheck.Prop$.getFirstFailure$1(Prop.scala:774)
	at org.scalacheck.Prop$.shrinker$1(Prop.scala:784)
	at org.scalacheck.Prop$.$anonfun$forAllShrink$1(Prop.scala:805)
	at org.scalacheck.Prop$.$anonfun$apply$1(Prop.scala:308)
	at org.scalacheck.PropFromFun.apply(Prop.scala:21)
	at org.scalacheck.Prop$.result$1(Prop.scala:766)
	at org.scalacheck.Prop$.$anonfun$forAllShrink$4(Prop.scala:774)
	at scala.collection.immutable.Stream.map(Stream.scala:173)
	at org.scalacheck.Prop$.getFirstFailure$1(Prop.scala:774)
	at org.scalacheck.Prop$.shrinker$1(Prop.scala:784)
	at org.scalacheck.Prop$.$anonfun$forAllShrink$1(Prop.scala:805)
	at org.scalacheck.Prop$.$anonfun$apply$1(Prop.scala:308)
	at org.scalacheck.PropFromFun.apply(Prop.scala:21)
	at org.scalacheck.Test$.workerFun$1(Test.scala:424)
	at org.scalacheck.Test$.$anonfun$check$1(Test.scala:453)
	at org.scalacheck.Test$.$anonfun$check$1$adapted(Test.scala:453)
	at org.scalacheck.Platform$.runWorkers(Platform.scala:40)
	at org.scalacheck.Test$.check(Test.scala:453)
	at org.scalatestplus.scalacheck.UnitCheckerAsserting$CheckerAssertingImpl.check(CheckerAsserting.scala:90)
	... 64 more
</failure>
                    </testcase><testcase classname="adpro.ExercisesSpec" name="Exercise 1 (&lt;) is a total order" time="0.0">
                      <failure message="NotImplementedError was thrown during property evaluation.
  Message: an implementation is missing
  Occurred when passed generated values (
    x = adpro.ExercisesSpec$$anon$1[x=39813853,y=-1],
    y = adpro.ExercisesSpec$$anon$1[x=0,y=1]
  )" type="org.scalatest.exceptions.GeneratorDrivenPropertyCheckFailedException">org.scalatest.exceptions.GeneratorDrivenPropertyCheckFailedException: NotImplementedError was thrown during property evaluation.
  Message: an implementation is missing
  Occurred when passed generated values (
    x = adpro.ExercisesSpec$$anon$1[x=39813853,y=-1],
    y = adpro.ExercisesSpec$$anon$1[x=0,y=1]
  )
	at org.scalatestplus.scalacheck.CheckerAsserting$$anon$2.indicateFailure(CheckerAsserting.scala:251)
	at org.scalatestplus.scalacheck.CheckerAsserting$$anon$2.indicateFailure(CheckerAsserting.scala:238)
	at org.scalatestplus.scalacheck.UnitCheckerAsserting$CheckerAssertingImpl.check(CheckerAsserting.scala:160)
	at org.scalatestplus.scalacheck.ScalaCheckDrivenPropertyChecks.forAll(ScalaCheckDrivenPropertyChecks.scala:1169)
	at org.scalatestplus.scalacheck.ScalaCheckDrivenPropertyChecks.forAll$(ScalaCheckDrivenPropertyChecks.scala:1137)
	at adpro.ExercisesSpec.forAll(ExercisesSpec.scala:9)
	at adpro.ExercisesSpec.$anonfun$new$105(ExercisesSpec.scala:412)
	at org.scalatest.OutcomeOf.outcomeOf(OutcomeOf.scala:85)
	at org.scalatest.OutcomeOf.outcomeOf$(OutcomeOf.scala:83)
	at org.scalatest.OutcomeOf$.outcomeOf(OutcomeOf.scala:104)
	at org.scalatest.Transformer.apply(Transformer.scala:22)
	at org.scalatest.Transformer.apply(Transformer.scala:20)
	at org.scalatest.freespec.AnyFreeSpecLike$$anon$1.apply(AnyFreeSpecLike.scala:406)
	at org.scalatest.TestSuite.withFixture(TestSuite.scala:196)
	at org.scalatest.TestSuite.withFixture$(TestSuite.scala:195)
	at org.scalatest.freespec.AnyFreeSpec.withFixture(AnyFreeSpec.scala:1739)
	at org.scalatest.freespec.AnyFreeSpecLike.invokeWithFixture$1(AnyFreeSpecLike.scala:404)
	at org.scalatest.freespec.AnyFreeSpecLike.$anonfun$runTest$1(AnyFreeSpecLike.scala:416)
	at org.scalatest.SuperEngine.runTestImpl(Engine.scala:306)
	at org.scalatest.freespec.AnyFreeSpecLike.runTest(AnyFreeSpecLike.scala:416)
	at org.scalatest.freespec.AnyFreeSpecLike.runTest$(AnyFreeSpecLike.scala:398)
	at org.scalatest.freespec.AnyFreeSpec.runTest(AnyFreeSpec.scala:1739)
	at org.scalatest.freespec.AnyFreeSpecLike.$anonfun$runTests$1(AnyFreeSpecLike.scala:475)
	at org.scalatest.SuperEngine.$anonfun$runTestsInBranch$1(Engine.scala:413)
	at scala.collection.immutable.List.foreach(List.scala:333)
	at org.scalatest.SuperEngine.traverseSubNodes$1(Engine.scala:401)
	at org.scalatest.SuperEngine.runTestsInBranch(Engine.scala:390)
	at org.scalatest.SuperEngine.$anonfun$runTestsInBranch$1(Engine.scala:427)
	at scala.collection.immutable.List.foreach(List.scala:333)
	at org.scalatest.SuperEngine.traverseSubNodes$1(Engine.scala:401)
	at org.scalatest.SuperEngine.runTestsInBranch(Engine.scala:396)
	at org.scalatest.SuperEngine.runTestsImpl(Engine.scala:475)
	at org.scalatest.freespec.AnyFreeSpecLike.runTests(AnyFreeSpecLike.scala:475)
	at org.scalatest.freespec.AnyFreeSpecLike.runTests$(AnyFreeSpecLike.scala:474)
	at org.scalatest.freespec.AnyFreeSpec.runTests(AnyFreeSpec.scala:1739)
	at org.scalatest.Suite.run(Suite.scala:1112)
	at org.scalatest.Suite.run$(Suite.scala:1094)
	at org.scalatest.freespec.AnyFreeSpec.org$scalatest$freespec$AnyFreeSpecLike$$super$run(AnyFreeSpec.scala:1739)
	at org.scalatest.freespec.AnyFreeSpecLike.$anonfun$run$1(AnyFreeSpecLike.scala:519)
	at org.scalatest.SuperEngine.runImpl(Engine.scala:535)
	at org.scalatest.freespec.AnyFreeSpecLike.run(AnyFreeSpecLike.scala:519)
	at org.scalatest.freespec.AnyFreeSpecLike.run$(AnyFreeSpecLike.scala:518)
	at org.scalatest.freespec.AnyFreeSpec.run(AnyFreeSpec.scala:1739)
	at org.scalatest.tools.Framework.org$scalatest$tools$Framework$$runSuite(Framework.scala:318)
	at org.scalatest.tools.Framework$ScalaTestTask.execute(Framework.scala:513)
	at sbt.TestRunner.runTest$1(TestFramework.scala:140)
	at sbt.TestRunner.run(TestFramework.scala:155)
	at sbt.TestFramework$$anon$3$$anonfun$$lessinit$greater$1.$anonfun$apply$1(TestFramework.scala:318)
	at sbt.TestFramework$.sbt$TestFramework$$withContextLoader(TestFramework.scala:278)
	at sbt.TestFramework$$anon$3$$anonfun$$lessinit$greater$1.apply(TestFramework.scala:318)
	at sbt.TestFramework$$anon$3$$anonfun$$lessinit$greater$1.apply(TestFramework.scala:318)
	at sbt.TestFunction.apply(TestFramework.scala:330)
	at sbt.Tests$.$anonfun$toTask$1(Tests.scala:435)
	at sbt.std.Transform$$anon$3.$anonfun$apply$2(Transform.scala:46)
	at sbt.std.Transform$$anon$4.work(Transform.scala:68)
	at sbt.Execute.$anonfun$submit$2(Execute.scala:282)
	at sbt.internal.util.ErrorHandling$.wideConvert(ErrorHandling.scala:23)
	at sbt.Execute.work(Execute.scala:291)
	at sbt.Execute.$anonfun$submit$1(Execute.scala:282)
	at sbt.ConcurrentRestrictions$$anon$4.$anonfun$submitValid$1(ConcurrentRestrictions.scala:265)
	at sbt.CompletionService$$anon$2.call(CompletionService.scala:64)
	at java.util.concurrent.FutureTask.run(FutureTask.java:266)
	at java.util.concurrent.Executors$RunnableAdapter.call(Executors.java:511)
	at java.util.concurrent.FutureTask.run(FutureTask.java:266)
	at java.util.concurrent.ThreadPoolExecutor.runWorker(ThreadPoolExecutor.java:1149)
	at java.util.concurrent.ThreadPoolExecutor$Worker.run(ThreadPoolExecutor.java:624)
	at java.lang.Thread.run(Thread.java:748)
Caused by: scala.NotImplementedError: an implementation is missing
	at scala.Predef$.$qmark$qmark$qmark(Predef.scala:345)
	at adpro.OrderedPoint.compare(Exercises.scala:30)
	at adpro.OrderedPoint.compare$(Exercises.scala:30)
	at adpro.ExercisesSpec$$anon$1.compare(ExercisesSpec.scala:385)
	at adpro.ExercisesSpec$$anon$1.compare(ExercisesSpec.scala:385)
	at scala.math.Ordered.$less(Ordered.scala:78)
	at scala.math.Ordered.$less$(Ordered.scala:78)
	at adpro.ExercisesSpec$$anon$1.$less(ExercisesSpec.scala:385)
	at adpro.ExercisesSpec.$anonfun$new$106(ExercisesSpec.scala:414)
	at org.scalatestplus.scalacheck.ScalaCheckDrivenPropertyChecks.liftedTree12$1(ScalaCheckDrivenPropertyChecks.scala:1149)
	at org.scalatestplus.scalacheck.ScalaCheckDrivenPropertyChecks.$anonfun$forAll$17(ScalaCheckDrivenPropertyChecks.scala:1148)
	at org.scalacheck.Prop$.$anonfun$forAll$18(Prop.scala:925)
	at scala.Function1.$anonfun$andThen$1(Function1.scala:85)
	at org.scalacheck.Prop$.$anonfun$forAllShrink$2(Prop.scala:765)
	at org.scalacheck.Prop$.secure(Prop.scala:475)
	at org.scalacheck.Prop$.result$1(Prop.scala:765)
	at org.scalacheck.Prop$.$anonfun$forAllShrink$1(Prop.scala:804)
	at org.scalacheck.Prop$.$anonfun$apply$1(Prop.scala:308)
	at org.scalacheck.PropFromFun.apply(Prop.scala:21)
	at org.scalacheck.Prop$.result$1(Prop.scala:766)
	at org.scalacheck.Prop$.$anonfun$forAllShrink$1(Prop.scala:804)
	at org.scalacheck.Prop$.$anonfun$apply$1(Prop.scala:308)
	at org.scalacheck.PropFromFun.apply(Prop.scala:21)
	at org.scalacheck.Test$.workerFun$1(Test.scala:424)
	at org.scalacheck.Test$.$anonfun$check$1(Test.scala:453)
	at org.scalacheck.Test$.$anonfun$check$1$adapted(Test.scala:453)
	at org.scalacheck.Platform$.runWorkers(Platform.scala:40)
	at org.scalacheck.Test$.check(Test.scala:453)
	at org.scalatestplus.scalacheck.UnitCheckerAsserting$CheckerAssertingImpl.check(CheckerAsserting.scala:90)
	... 64 more
</failure>
                    </testcase>
          <system-out><![CDATA[]]></system-out>
          <system-err><![CDATA[]]></system-err>
        </testsuite>