<?xml version='1.0' encoding='UTF-8'?>
<testsuite hostname="LAPTOP-T67LQVS8" name="adpro.variance.VarianceSpec" tests="1" errors="0" failures="0" skipped="1" time="-0.001" timestamp="2021-09-20T14:18:53">
          <properties>
[...]
</properties>
          <testcase classname="adpro.variance.VarianceSpec" name="Runtime crash caused by covariance of arrays" time="-0.001">
                      <skipped/>
                    </testcase>
          <system-out><![CDATA[]]></system-out>
          <system-err><![CDATA[]]></system-err>
        </testsuite>