[0m[[0m[0mdebug[0m] [0m[0mRunning TaskDef(adpro.ExercisesSpec, org.scalatest.tools.Framework$$anon$1@64859de8, false, [SuiteSelector])[0m
[0m[[0m[0mdebug[0m] [0m[0mRunning TaskDef(adpro.variance.VarianceSpec, org.scalatest.tools.Framework$$anon$1@64859de8, false, [SuiteSelector])[0m
[0m[[0m[0minfo[0m] [0m[0m[32mVarianceSpec:[0m[0m
[0m[[0m[0minfo[0m] [0m[0m[33m- Runtime crash caused by covariance of arrays !!! IGNORED !!![0m[0m
[0m[[0m[0minfo[0m] [0m[0m[32mExercisesSpec:[0m[0m
[0m[[0m[0minfo[0m] [0m[0m[32mExercise 11 (traverse)[0m[0m
[0m[[0m[0minfo[0m] [0m[0m[32m- some simple scenarios[0m[0m
[0m[[0m[0minfo[0m] [0m[0m[32m- traversal of bottom gives bottom[0m[0m
[0m[[0m[0minfo[0m] [0m[0m[32m- empty traversal cannot fail[0m[0m
[0m[[0m[0minfo[0m] [0m[0m[32mExercise 10 (sequence)[0m[0m
[0m[[0m[0minfo[0m] [0m[0m[31m- some simple scenarios *** FAILED ***[0m[0m
[0m[[0m[0minfo[0m] [0m[0m[31m  scala.NotImplementedError: an implementation is missing[0m[0m
[0m[[0m[0minfo[0m] [0m[0m[31m  at scala.Predef$.$qmark$qmark$qmark(Predef.scala:345)[0m[0m
[0m[[0m[0minfo[0m] [0m[0m[31m  at adpro.ExercisesOption$.sequence(Exercises.scala:141)[0m[0m
[0m[[0m[0minfo[0m] [0m[0m[31m  at adpro.ExercisesSpec.$anonfun$new$11(ExercisesSpec.scala:74)[0m[0m
[0m[[0m[0minfo[0m] [0m[0m[31m  at org.scalatest.OutcomeOf.outcomeOf(OutcomeOf.scala:85)[0m[0m
[0m[[0m[0minfo[0m] [0m[0m[31m  at org.scalatest.OutcomeOf.outcomeOf$(OutcomeOf.scala:83)[0m[0m
[0m[[0m[0minfo[0m] [0m[0m[31m  at org.scalatest.OutcomeOf$.outcomeOf(OutcomeOf.scala:104)[0m[0m
[0m[[0m[0minfo[0m] [0m[0m[31m  at org.scalatest.Transformer.apply(Transformer.scala:22)[0m[0m
[0m[[0m[0minfo[0m] [0m[0m[31m  at org.scalatest.Transformer.apply(Transformer.scala:20)[0m[0m
[0m[[0m[0minfo[0m] [0m[0m[31m  at org.scalatest.freespec.AnyFreeSpecLike$$anon$1.apply(AnyFreeSpecLike.scala:406)[0m[0m
[0m[[0m[0minfo[0m] [0m[0m[31m  at org.scalatest.TestSuite.withFixture(TestSuite.scala:196)[0m[0m
[0m[[0m[0minfo[0m] [0m[0m[31m  ...[0m[0m
[0m[[0m[0minfo[0m] [0m[0m[31m- A list without Nones sequences as if this was a list without options *** FAILED ***[0m[0m
[0m[[0m[0minfo[0m] [0m[0m[31m  NotImplementedError was thrown during property evaluation.[0m[0m
[0m[[0m[0minfo[0m] [0m[0m[31m    Message: an implementation is missing[0m[0m
[0m[[0m[0minfo[0m] [0m[0m[31m    Occurred when passed generated values ([0m[0m
[0m[[0m[0minfo[0m] [0m[0m[31m      l = List()[0m[0m
[0m[[0m[0minfo[0m] [0m[0m[31m    )[0m[0m
[0m[[0m[0minfo[0m] [0m[0m[31m- A list with None sequences to None *** FAILED ***[0m[0m
[0m[[0m[0minfo[0m] [0m[0m[31m  NotImplementedError was thrown during property evaluation.[0m[0m
[0m[[0m[0minfo[0m] [0m[0m[31m    Message: an implementation is missing[0m[0m
[0m[[0m[0minfo[0m] [0m[0m[31m    Occurred when passed generated values ([0m[0m
[0m[[0m[0minfo[0m] [0m[0m[31m      l = List()[0m[0m
[0m[[0m[0minfo[0m] [0m[0m[31m    )[0m[0m
[0m[[0m[0minfo[0m] [0m[0m[32mExercise 9 (map2)[0m[0m
[0m[[0m[0minfo[0m] [0m[0m[32m- any None gives None[0m[0m
[0m[[0m[0minfo[0m] [0m[0m[32m- two Some elements are nicely merged by subtraction[0m[0m
[0m[[0m[0minfo[0m] [0m[0m[32m- two Some elements are nicely merged by arbitrary f[0m[0m
[0m[[0m[0minfo[0m] [0m[0m[32mExercise 8 (variance)[0m[0m
[0m[[0m[0minfo[0m] [0m[0m[32m- simple fixed scenarios[0m[0m
[0m[[0m[0minfo[0m] [0m[0m[32m- Variance of a singleton is always zero[0m[0m
[0m[[0m[0minfo[0m] [0m[0m[32m- A constant list x,x,x,x,... has variance zero[0m[0m
[0m[[0m[0minfo[0m] [0m[0m[32m- -x, x, -x, x, ... has variance x*x[0m[0m
[0m[[0m[0minfo[0m] [0m[0m[32mExercise 7 (headGrade)[0m[0m
[0m[[0m[0minfo[0m] [0m[0m[31m- headAge of empty list should be None *** FAILED ***[0m[0m
[0m[[0m[0minfo[0m] [0m[0m[31m  scala.NotImplementedError: an implementation is missing[0m[0m
[0m[[0m[0minfo[0m] [0m[0m[31m  at scala.Predef$.$qmark$qmark$qmark(Predef.scala:345)[0m[0m
[0m[[0m[0minfo[0m] [0m[0m[31m  at adpro.ExercisesOption$.headGrade(Exercises.scala:124)[0m[0m
[0m[[0m[0minfo[0m] [0m[0m[31m  at adpro.ExercisesSpec.$anonfun$new$37(ExercisesSpec.scala:200)[0m[0m
[0m[[0m[0minfo[0m] [0m[0m[31m  at org.scalatest.OutcomeOf.outcomeOf(OutcomeOf.scala:85)[0m[0m
[0m[[0m[0minfo[0m] [0m[0m[31m  at org.scalatest.OutcomeOf.outcomeOf$(OutcomeOf.scala:83)[0m[0m
[0m[[0m[0minfo[0m] [0m[0m[31m  at org.scalatest.OutcomeOf$.outcomeOf(OutcomeOf.scala:104)[0m[0m
[0m[[0m[0minfo[0m] [0m[0m[31m  at org.scalatest.Transformer.apply(Transformer.scala:22)[0m[0m
[0m[[0m[0minfo[0m] [0m[0m[31m  at org.scalatest.Transformer.apply(Transformer.scala:20)[0m[0m
[0m[[0m[0minfo[0m] [0m[0m[31m  at org.scalatest.freespec.AnyFreeSpecLike$$anon$1.apply(AnyFreeSpecLike.scala:406)[0m[0m
[0m[[0m[0minfo[0m] [0m[0m[31m  at org.scalatest.TestSuite.withFixture(TestSuite.scala:196)[0m[0m
[0m[[0m[0minfo[0m] [0m[0m[31m  ...[0m[0m
[0m[[0m[0minfo[0m] [0m[0m[31m- the integer from the first pair must be correctly extracted and wrapped into Some *** FAILED ***[0m[0m
[0m[[0m[0minfo[0m] [0m[0m[31m  GeneratorDrivenPropertyCheckFailedException was thrown during property evaluation.[0m[0m
[0m[[0m[0minfo[0m] [0m[0m[31m    Message: GeneratorDrivenPropertyCheckFailedException was thrown during property evaluation.[0m[0m
[0m[[0m[0minfo[0m] [0m[0m[31m    Message: NotImplementedError was thrown during property evaluation.[0m[0m
[0m[[0m[0minfo[0m] [0m[0m[31m    Message: an implementation is missing[0m[0m
[0m[[0m[0minfo[0m] [0m[0m[31m    Occurred when passed generated values ([0m[0m
[0m[[0m[0minfo[0m] [0m[0m[31m      grade = 0 // 31 shrinks[0m[0m
[0m[[0m[0minfo[0m] [0m[0m[31m    )[0m[0m
[0m[[0m[0minfo[0m] [0m[0m[31m    Location: (ExercisesSpec.scala:206)[0m[0m
[0m[[0m[0minfo[0m] [0m[0m[31m    Occurred when passed generated values ([0m[0m
[0m[[0m[0minfo[0m] [0m[0m[31m      name = ""[0m[0m
[0m[[0m[0minfo[0m] [0m[0m[31m    )[0m[0m
[0m[[0m[0minfo[0m] [0m[0m[31m    Location: (ExercisesSpec.scala:205)[0m[0m
[0m[[0m[0minfo[0m] [0m[0m[31m    Occurred when passed generated values ([0m[0m
[0m[[0m[0minfo[0m] [0m[0m[31m      tail = List()[0m[0m
[0m[[0m[0minfo[0m] [0m[0m[31m    )[0m[0m
[0m[[0m[0minfo[0m] [0m[0m[32mExercise 6 (Option basics)[0m[0m
[0m[[0m[0minfo[0m] [0m[0m[32m- Option map does nothing on None[0m[0m
[0m[[0m[0minfo[0m] [0m[0m[32m- Option map on Some just maps the element[0m[0m
[0m[[0m[0minfo[0m] [0m[0m[32m- Option getOrElse on None always does else[0m[0m
[0m[[0m[0minfo[0m] [0m[0m[32m- Option getOrElse on Some(n) always gives n[0m[0m
[0m[[0m[0minfo[0m] [0m[0m[32m- Option flatMap on None does None[0m[0m
[0m[[0m[0minfo[0m] [0m[0m[32m- Option flatMap to None gives None[0m[0m
[0m[[0m[0minfo[0m] [0m[0m[32m- Option flatMap on Some applies the function or fails[0m[0m
[0m[[0m[0minfo[0m] [0m[0m[32m- Option filter on None gives None[0m[0m
[0m[[0m[0minfo[0m] [0m[0m[32m- Option filter with constant false predicate gives None[0m[0m
[0m[[0m[0minfo[0m] [0m[0m[32m- Option filter picks the value iff it satisfies the predicate[0m[0m
[0m[[0m[0minfo[0m] [0m[0m[32mExercise 5 (Tree fold)[0m[0m
[0m[[0m[0minfo[0m] [0m[0m[31m- size1 behaves like size (check that you use fold!) *** FAILED ***[0m[0m
[0m[[0m[0minfo[0m] [0m[0m[31m  NotImplementedError was thrown during property evaluation.[0m[0m
[0m[[0m[0minfo[0m] [0m[0m[31m    Message: an implementation is missing[0m[0m
[0m[[0m[0minfo[0m] [0m[0m[31m    Occurred when passed generated values ([0m[0m
[0m[[0m[0minfo[0m] [0m[0m[31m      t = Branch(Leaf(1),Leaf(-2147483648))[0m[0m
[0m[[0m[0minfo[0m] [0m[0m[31m    )[0m[0m
[0m[[0m[0minfo[0m] [0m[0m[31m- maximum1 behaves like size (check that you used fold!) *** FAILED ***[0m[0m
[0m[[0m[0minfo[0m] [0m[0m[31m  NotImplementedError was thrown during property evaluation.[0m[0m
[0m[[0m[0minfo[0m] [0m[0m[31m    Message: an implementation is missing[0m[0m
[0m[[0m[0minfo[0m] [0m[0m[31m    Occurred when passed generated values ([0m[0m
[0m[[0m[0minfo[0m] [0m[0m[31m      t = Leaf(-107202534)[0m[0m
[0m[[0m[0minfo[0m] [0m[0m[31m    )[0m[0m
[0m[[0m[0minfo[0m] [0m[0m[31m- map1 behaves like map (check that you used fold!) *** FAILED ***[0m[0m
[0m[[0m[0minfo[0m] [0m[0m[31m  NotImplementedError was thrown during property evaluation.[0m[0m
[0m[[0m[0minfo[0m] [0m[0m[31m    Message: an implementation is missing[0m[0m
[0m[[0m[0minfo[0m] [0m[0m[31m    Occurred when passed generated values ([0m[0m
[0m[[0m[0minfo[0m] [0m[0m[31m      t = Leaf(0),[0m[0m
[0m[[0m[0minfo[0m] [0m[0m[31m      f = org.scalacheck.GenArities$$Lambda$13856/453894182@1ef38b0e[0m[0m
[0m[[0m[0minfo[0m] [0m[0m[31m    )[0m[0m
[0m[[0m[0minfo[0m] [0m[0m[32mExercise 4 (Tree map)[0m[0m
[0m[[0m[0minfo[0m] [0m[0m[32m- a simple scenario test[0m[0m
[0m[[0m[0minfo[0m] [0m[0m[32m- identity is a unit with map[0m[0m
[0m[[0m[0minfo[0m] [0m[0m[32m- map does not change size[0m[0m
[0m[[0m[0minfo[0m] [0m[0m[32m- map is 'associative'[0m[0m
[0m[[0m[0minfo[0m] [0m[0m[32mExercise 3 (Tree maximum)[0m[0m
[0m[[0m[0minfo[0m] [0m[0m[32m- a simple scenario test[0m[0m
[0m[[0m[0minfo[0m] [0m[0m[32m- a singleton tree test[0m[0m
[0m[[0m[0minfo[0m] [0m[0m[32m- a bi-node tree test[0m[0m
[0m[[0m[0minfo[0m] [0m[0m[32m- a tri-node tree test[0m[0m
[0m[[0m[0minfo[0m] [0m[0m[32mExercise 2 (Tree size)[0m[0m
[0m[[0m[0minfo[0m] [0m[0m[32m- a simple scenario test[0m[0m
[0m[[0m[0minfo[0m] [0m[0m[32m- a leaf should be size 1[0m[0m
[0m[[0m[0minfo[0m] [0m[0m[32mExercise 1[0m[0m
[0m[[0m[0minfo[0m] [0m[0m[31m- the scenario test from the exercise text *** FAILED ***[0m[0m
[0m[[0m[0minfo[0m] [0m[0m[31m  scala.NotImplementedError: an implementation is missing[0m[0m
[0m[[0m[0minfo[0m] [0m[0m[31m  at scala.Predef$.$qmark$qmark$qmark(Predef.scala:345)[0m[0m
[0m[[0m[0minfo[0m] [0m[0m[31m  at adpro.OrderedPoint.compare(Exercises.scala:30)[0m[0m
[0m[[0m[0minfo[0m] [0m[0m[31m  at adpro.OrderedPoint.compare$(Exercises.scala:30)[0m[0m
[0m[[0m[0minfo[0m] [0m[0m[31m  at adpro.ExercisesSpec$$anon$2.compare(ExercisesSpec.scala:390)[0m[0m
[0m[[0m[0minfo[0m] [0m[0m[31m  at adpro.ExercisesSpec$$anon$2.compare(ExercisesSpec.scala:390)[0m[0m
[0m[[0m[0minfo[0m] [0m[0m[31m  at scala.math.Ordered.$less(Ordered.scala:78)[0m[0m
[0m[[0m[0minfo[0m] [0m[0m[31m  at scala.math.Ordered.$less$(Ordered.scala:78)[0m[0m
[0m[[0m[0minfo[0m] [0m[0m[31m  at adpro.ExercisesSpec$$anon$2.$less(ExercisesSpec.scala:390)[0m[0m
[0m[[0m[0minfo[0m] [0m[0m[31m  at adpro.ExercisesSpec.$anonfun$new$102(ExercisesSpec.scala:392)[0m[0m
[0m[[0m[0minfo[0m] [0m[0m[31m  at org.scalatest.OutcomeOf.outcomeOf(OutcomeOf.scala:85)[0m[0m
[0m[[0m[0minfo[0m] [0m[0m[31m  ...[0m[0m
[0m[[0m[0minfo[0m] [0m[0m[31m- non-negative shift preserves order *** FAILED ***[0m[0m
[0m[[0m[0minfo[0m] [0m[0m[31m  NotImplementedError was thrown during property evaluation.[0m[0m
[0m[[0m[0minfo[0m] [0m[0m[31m    Message: an implementation is missing[0m[0m
[0m[[0m[0minfo[0m] [0m[0m[31m    Occurred when passed generated values ([0m[0m
[0m[[0m[0minfo[0m] [0m[0m[31m      x = 0, // 13 shrinks[0m[0m
[0m[[0m[0minfo[0m] [0m[0m[31m      y = 0, // 12 shrinks[0m[0m
[0m[[0m[0minfo[0m] [0m[0m[31m      a = 0, // 13 shrinks[0m[0m
[0m[[0m[0minfo[0m] [0m[0m[31m      b = 0 // 10 shrinks[0m[0m
[0m[[0m[0minfo[0m] [0m[0m[31m    )[0m[0m
[0m[[0m[0minfo[0m] [0m[0m[31m- (<) is a total order *** FAILED ***[0m[0m
[0m[[0m[0minfo[0m] [0m[0m[31m  NotImplementedError was thrown during property evaluation.[0m[0m
[0m[[0m[0minfo[0m] [0m[0m[31m    Message: an implementation is missing[0m[0m
[0m[[0m[0minfo[0m] [0m[0m[31m    Occurred when passed generated values ([0m[0m
[0m[[0m[0minfo[0m] [0m[0m[31m      x = adpro.ExercisesSpec$$anon$1[x=39813853,y=-1],[0m[0m
[0m[[0m[0minfo[0m] [0m[0m[31m      y = adpro.ExercisesSpec$$anon$1[x=0,y=1][0m[0m
[0m[[0m[0minfo[0m] [0m[0m[31m    )[0m[0m
[0m[[0m[0minfo[0m] [0m[0m[36mRun completed in 854 milliseconds.[0m[0m
[0m[[0m[0minfo[0m] [0m[0m[36mTotal number of tests run: 41[0m[0m
[0m[[0m[0minfo[0m] [0m[0m[36mSuites: completed 2, aborted 0[0m[0m
[0m[[0m[0minfo[0m] [0m[0m[36mTests: succeeded 30, failed 11, canceled 0, ignored 1, pending 0[0m[0m
[0m[[0m[0minfo[0m] [0m[0m[31m*** 11 TESTS FAILED ***[0m[0m
[0m[[0m[0mdebug[0m] [0m[0mPassed tests:[0m
[0m[[0m[0mdebug[0m] [0m[0m	adpro.variance.VarianceSpec[0m
[0m[[0m[31merror[0m] [0m[0mFailed tests:[0m
[0m[[0m[31merror[0m] [0m[0m	adpro.ExercisesSpec[0m
[0m[[0m[31merror[0m] [0m[0m(Test / [31mtest[0m) sbt.TestsFailedException: Tests unsuccessful[0m
